-- The C compiler identification is GNU 13.3.0
-- The CXX compiler identification is GNU 13.3.0
-- Detecting C compiler ABI info
-- Detecting C compiler ABI info - done
-- Check for working C compiler: /usr/bin/cc - skipped
-- Detecting C compile features
-- Detecting C compile features - done
-- Detecting CXX compiler ABI info
-- Detecting CXX compiler ABI info - done
-- Check for working CXX compiler: /usr/bin/c++ - skipped
-- Detecting CXX compile features
-- Detecting CXX compile features - done
-- Found ament_cmake: 2.5.4 (/opt/ros/jazzy/share/ament_cmake/cmake)
-- Found Python3: /usr/bin/python3 (found version "3.12.3") found components: Interpreter 
-- Found rclcpp: 28.1.10 (/opt/ros/jazzy/share/rclcpp/cmake)
-- Found rosidl_generator_c: 4.6.5 (/opt/ros/jazzy/share/rosidl_generator_c/cmake)
-- Found rosidl_generator_cpp: 4.6.5 (/opt/ros/jazzy/share/rosidl_generator_cpp/cmake)
-- Using all available rosidl_typesupport_c: rosidl_typesupport_fastrtps_c;rosidl_typesupport_introspection_c
-- Using all available rosidl_typesupport_cpp: rosidl_typesupport_fastrtps_cpp;rosidl_typesupport_introspection_cpp
-- Found rmw_implementation_cmake: 7.3.2 (/opt/ros/jazzy/share/rmw_implementation_cmake/cmake)
-- Found rmw_fastrtps_cpp: 8.4.2 (/opt/ros/jazzy/share/rmw_fastrtps_cpp/cmake)
-- Found OpenSSL: /usr/lib/aarch64-linux-gnu/libcrypto.so (found version "3.0.13")  
-- Found FastRTPS: /opt/ros/jazzy/include (Required is at least version "2.13") 
-- Using RMW implementation 'rmw_fastrtps_cpp' as default
-- Found std_msgs: 5.3.6 (/opt/ros/jazzy/share/std_msgs/cmake)
-- Found hardware_interface: 4.32.0 (/opt/ros/jazzy/share/hardware_interface/cmake)
-- Found PkgConfig: /usr/bin/pkg-config (found version "1.8.1") 
-- Checking for module 'libserial'
--   Found libserial, version 1.0.0
-- Configuring done (4.1s)
-- Generating done (0.0s)
-- Build files have been written to: /home/ngan/Documents/test_github/lesson5_ws_updated/build/rmitbot_firmware
[ 50%] [32mBuilding CXX object CMakeFiles/rmitbot_firmware.dir/src/rmitbot_interface.cpp.o[0m
[100%] [32m[1mLinking CXX shared library librmitbot_firmware.so[0m
[100%] Built target rmitbot_firmware
-- Install configuration: ""
-- Installing: /home/ngan/Documents/test_github/lesson5_ws_updated/install/rmitbot_firmware/share/rmitbot_firmware/rmitbot_interface.xml
-- Installing: /home/ngan/Documents/test_github/lesson5_ws_updated/install/rmitbot_firmware/lib/librmitbot_firmware.so
-- Set non-toolchain portion of runtime path of "/home/ngan/Documents/test_github/lesson5_ws_updated/install/rmitbot_firmware/lib/librmitbot_firmware.so" to ""
-- Installing: /home/ngan/Documents/test_github/lesson5_ws_updated/install/rmitbot_firmware/include
-- Installing: /home/ngan/Documents/test_github/lesson5_ws_updated/install/rmitbot_firmware/include/rmitbot_firmware
-- Installing: /home/ngan/Documents/test_github/lesson5_ws_updated/install/rmitbot_firmware/include/rmitbot_firmware/rmitbot_interface.hpp
-- Installing: /home/ngan/Documents/test_github/lesson5_ws_updated/install/rmitbot_firmware/share/rmitbot_firmware/launch
-- Installing: /home/ngan/Documents/test_github/lesson5_ws_updated/install/rmitbot_firmware/share/rmitbot_firmware/launch/hardware_interface.launch.py
-- Installing: /home/ngan/Documents/test_github/lesson5_ws_updated/install/rmitbot_firmware/share/rmitbot_firmware/environment/library_path.sh
-- Installing: /home/ngan/Documents/test_github/lesson5_ws_updated/install/rmitbot_firmware/share/rmitbot_firmware/environment/library_path.dsv
-- Installing: /home/ngan/Documents/test_github/lesson5_ws_updated/install/rmitbot_firmware/share/ament_index/resource_index/package_run_dependencies/rmitbot_firmware
-- Installing: /home/ngan/Documents/test_github/lesson5_ws_updated/install/rmitbot_firmware/share/ament_index/resource_index/parent_prefix_path/rmitbot_firmware
-- Installing: /home/ngan/Documents/test_github/lesson5_ws_updated/install/rmitbot_firmware/share/rmitbot_firmware/environment/ament_prefix_path.sh
-- Installing: /home/ngan/Documents/test_github/lesson5_ws_updated/install/rmitbot_firmware/share/rmitbot_firmware/environment/ament_prefix_path.dsv
-- Installing: /home/ngan/Documents/test_github/lesson5_ws_updated/install/rmitbot_firmware/share/rmitbot_firmware/environment/path.sh
-- Installing: /home/ngan/Documents/test_github/lesson5_ws_updated/install/rmitbot_firmware/share/rmitbot_firmware/environment/path.dsv
-- Installing: /home/ngan/Documents/test_github/lesson5_ws_updated/install/rmitbot_firmware/share/rmitbot_firmware/local_setup.bash
-- Installing: /home/ngan/Documents/test_github/lesson5_ws_updated/install/rmitbot_firmware/share/rmitbot_firmware/local_setup.sh
-- Installing: /home/ngan/Documents/test_github/lesson5_ws_updated/install/rmitbot_firmware/share/rmitbot_firmware/local_setup.zsh
-- Installing: /home/ngan/Documents/test_github/lesson5_ws_updated/install/rmitbot_firmware/share/rmitbot_firmware/local_setup.dsv
-- Installing: /home/ngan/Documents/test_github/lesson5_ws_updated/install/rmitbot_firmware/share/rmitbot_firmware/package.dsv
-- Installing: /home/ngan/Documents/test_github/lesson5_ws_updated/install/rmitbot_firmware/share/ament_index/resource_index/packages/rmitbot_firmware
-- Installing: /home/ngan/Documents/test_github/lesson5_ws_updated/install/rmitbot_firmware/share/ament_index/resource_index/hardware_interface__pluginlib__plugin/rmitbot_firmware
-- Installing: /home/ngan/Documents/test_github/lesson5_ws_updated/install/rmitbot_firmware/share/rmitbot_firmware/cmake/ament_cmake_export_include_directories-extras.cmake
-- Installing: /home/ngan/Documents/test_github/lesson5_ws_updated/install/rmitbot_firmware/share/rmitbot_firmware/cmake/ament_cmake_export_libraries-extras.cmake
-- Installing: /home/ngan/Documents/test_github/lesson5_ws_updated/install/rmitbot_firmware/share/rmitbot_firmware/cmake/ament_cmake_export_dependencies-extras.cmake
-- Installing: /home/ngan/Documents/test_github/lesson5_ws_updated/install/rmitbot_firmware/share/rmitbot_firmware/cmake/rmitbot_firmwareConfig.cmake
-- Installing: /home/ngan/Documents/test_github/lesson5_ws_updated/install/rmitbot_firmware/share/rmitbot_firmware/cmake/rmitbot_firmwareConfig-version.cmake
-- Installing: /home/ngan/Documents/test_github/lesson5_ws_updated/install/rmitbot_firmware/share/rmitbot_firmware/package.xml
