[0.020s] Invoking command in '/home/ngan/Documents/test_github/lesson5_ws_updated/build/rmitbot_description': CMAKE_PREFIX_PATH=${CMAKE_PREFIX_PATH}:/opt/ros/jazzy DEBUGINFOD_URLS=https://debuginfod.ubuntu.com /usr/bin/cmake --build /home/ngan/Documents/test_github/lesson5_ws_updated/build/rmitbot_description -- -j4 -l4
[0.295s] Invoked command in '/home/ngan/Documents/test_github/lesson5_ws_updated/build/rmitbot_description' returned '0': CMAKE_PREFIX_PATH=${CMAKE_PREFIX_PATH}:/opt/ros/jazzy DEBUGINFOD_URLS=https://debuginfod.ubuntu.com /usr/bin/cmake --build /home/ngan/Documents/test_github/lesson5_ws_updated/build/rmitbot_description -- -j4 -l4
[0.332s] Invoking command in '/home/ngan/Documents/test_github/lesson5_ws_updated/build/rmitbot_description': CMAKE_PREFIX_PATH=${CMAKE_PREFIX_PATH}:/opt/ros/jazzy DEBUGINFOD_URLS=https://debuginfod.ubuntu.com /usr/bin/cmake --install /home/ngan/Documents/test_github/lesson5_ws_updated/build/rmitbot_description
[0.362s] -- Install configuration: ""
[0.363s] -- Up-to-date: /home/ngan/Documents/test_github/lesson5_ws_updated/install/rmitbot_description/share/rmitbot_description/meshes
[0.363s] -- Up-to-date: /home/ngan/Documents/test_github/lesson5_ws_updated/install/rmitbot_description/share/rmitbot_description/meshes/base_link.STL
[0.367s] -- Up-to-date: /home/ngan/Documents/test_github/lesson5_ws_updated/install/rmitbot_description/share/rmitbot_description/meshes/caster_front_link.STL
[0.367s] -- Up-to-date: /home/ngan/Documents/test_github/lesson5_ws_updated/install/rmitbot_description/share/rmitbot_description/meshes/wheel_left_link.STL
[0.367s] -- Up-to-date: /home/ngan/Documents/test_github/lesson5_ws_updated/install/rmitbot_description/share/rmitbot_description/meshes/caster_rear_link.STL
[0.367s] -- Up-to-date: /home/ngan/Documents/test_github/lesson5_ws_updated/install/rmitbot_description/share/rmitbot_description/meshes/wheel_right_link.STL
[0.367s] -- Up-to-date: /home/ngan/Documents/test_github/lesson5_ws_updated/install/rmitbot_description/share/rmitbot_description/meshes/imu_link.STL
[0.367s] -- Up-to-date: /home/ngan/Documents/test_github/lesson5_ws_updated/install/rmitbot_description/share/rmitbot_description/urdf
[0.367s] -- Up-to-date: /home/ngan/Documents/test_github/lesson5_ws_updated/install/rmitbot_description/share/rmitbot_description/urdf/rmitbot_gazebo.xacro
[0.367s] -- Up-to-date: /home/ngan/Documents/test_github/lesson5_ws_updated/install/rmitbot_description/share/rmitbot_description/urdf/rmitbot.urdf.xacro
[0.367s] -- Up-to-date: /home/ngan/Documents/test_github/lesson5_ws_updated/install/rmitbot_description/share/rmitbot_description/urdf/rmitbot_ros2_control.xacro
[0.367s] -- Up-to-date: /home/ngan/Documents/test_github/lesson5_ws_updated/install/rmitbot_description/share/rmitbot_description/urdf/rmitbot_platform.xacro
[0.367s] -- Up-to-date: /home/ngan/Documents/test_github/lesson5_ws_updated/install/rmitbot_description/share/rmitbot_description/urdf/rmitbot_imu.xacro
[0.367s] -- Up-to-date: /home/ngan/Documents/test_github/lesson5_ws_updated/install/rmitbot_description/share/rmitbot_description/launch
[0.367s] -- Up-to-date: /home/ngan/Documents/test_github/lesson5_ws_updated/install/rmitbot_description/share/rmitbot_description/launch/gazebo.launch.py
[0.367s] -- Up-to-date: /home/ngan/Documents/test_github/lesson5_ws_updated/install/rmitbot_description/share/rmitbot_description/launch/display.launch.py
[0.367s] -- Up-to-date: /home/ngan/Documents/test_github/lesson5_ws_updated/install/rmitbot_description/share/rmitbot_description/rviz
[0.367s] -- Up-to-date: /home/ngan/Documents/test_github/lesson5_ws_updated/install/rmitbot_description/share/rmitbot_description/rviz/display.rviz
[0.367s] -- Up-to-date: /home/ngan/Documents/test_github/lesson5_ws_updated/install/rmitbot_description/share/ament_index/resource_index/package_run_dependencies/rmitbot_description
[0.367s] -- Up-to-date: /home/ngan/Documents/test_github/lesson5_ws_updated/install/rmitbot_description/share/ament_index/resource_index/parent_prefix_path/rmitbot_description
[0.367s] -- Up-to-date: /home/ngan/Documents/test_github/lesson5_ws_updated/install/rmitbot_description/share/rmitbot_description/environment/ament_prefix_path.sh
[0.367s] -- Up-to-date: /home/ngan/Documents/test_github/lesson5_ws_updated/install/rmitbot_description/share/rmitbot_description/environment/ament_prefix_path.dsv
[0.367s] -- Up-to-date: /home/ngan/Documents/test_github/lesson5_ws_updated/install/rmitbot_description/share/rmitbot_description/environment/path.sh
[0.367s] -- Up-to-date: /home/ngan/Documents/test_github/lesson5_ws_updated/install/rmitbot_description/share/rmitbot_description/environment/path.dsv
[0.367s] -- Up-to-date: /home/ngan/Documents/test_github/lesson5_ws_updated/install/rmitbot_description/share/rmitbot_description/local_setup.bash
[0.368s] -- Up-to-date: /home/ngan/Documents/test_github/lesson5_ws_updated/install/rmitbot_description/share/rmitbot_description/local_setup.sh
[0.368s] -- Up-to-date: /home/ngan/Documents/test_github/lesson5_ws_updated/install/rmitbot_description/share/rmitbot_description/local_setup.zsh
[0.368s] -- Up-to-date: /home/ngan/Documents/test_github/lesson5_ws_updated/install/rmitbot_description/share/rmitbot_description/local_setup.dsv
[0.368s] -- Up-to-date: /home/ngan/Documents/test_github/lesson5_ws_updated/install/rmitbot_description/share/rmitbot_description/package.dsv
[0.371s] -- Up-to-date: /home/ngan/Documents/test_github/lesson5_ws_updated/install/rmitbot_description/share/ament_index/resource_index/packages/rmitbot_description
[0.371s] -- Up-to-date: /home/ngan/Documents/test_github/lesson5_ws_updated/install/rmitbot_description/share/rmitbot_description/cmake/rmitbot_descriptionConfig.cmake
[0.371s] -- Up-to-date: /home/ngan/Documents/test_github/lesson5_ws_updated/install/rmitbot_description/share/rmitbot_description/cmake/rmitbot_descriptionConfig-version.cmake
[0.372s] -- Up-to-date: /home/ngan/Documents/test_github/lesson5_ws_updated/install/rmitbot_description/share/rmitbot_description/package.xml
[0.457s] Invoked command in '/home/ngan/Documents/test_github/lesson5_ws_updated/build/rmitbot_description' returned '0': CMAKE_PREFIX_PATH=${CMAKE_PREFIX_PATH}:/opt/ros/jazzy DEBUGINFOD_URLS=https://debuginfod.ubuntu.com /usr/bin/cmake --install /home/ngan/Documents/test_github/lesson5_ws_updated/build/rmitbot_description
