[0.024s] Invoking command in '/home/ngan/Documents/test_github/lesson5_ws_updated/build/rmitbot_bringup': CMAKE_PREFIX_PATH=${CMAKE_PREFIX_PATH}:/opt/ros/jazzy DEBUGINFOD_URLS=https://debuginfod.ubuntu.com /usr/bin/cmake /home/ngan/Documents/test_github/lesson5_ws_updated/src/rmitbot_bringup -DCMAKE_INSTALL_PREFIX=/home/ngan/Documents/test_github/lesson5_ws_updated/install/rmitbot_bringup
[0.632s] -- The C compiler identification is GNU 13.3.0
[0.835s] -- The CXX compiler identification is GNU 13.3.0
[0.875s] -- Detecting C compiler ABI info
[1.123s] -- Detecting C compiler ABI info - done
[1.139s] -- Check for working C compiler: /usr/bin/cc - skipped
[1.140s] -- Detecting C compile features
[1.142s] -- Detecting C compile features - done
[1.165s] -- Detecting CXX compiler ABI info
[1.372s] -- Detecting CXX compiler ABI info - done
[1.403s] -- Check for working CXX compiler: /usr/bin/c++ - skipped
[1.404s] -- Detecting CXX compile features
[1.404s] -- Detecting CXX compile features - done
[1.428s] -- Found ament_cmake: 2.5.4 (/opt/ros/jazzy/share/ament_cmake/cmake)
[1.803s] -- Found Python3: /usr/bin/python3 (found version "3.12.3") found components: Interpreter 
[2.170s] -- Configuring done (2.0s)
[2.181s] -- Generating done (0.0s)
[2.183s] -- Build files have been written to: /home/ngan/Documents/test_github/lesson5_ws_updated/build/rmitbot_bringup
[2.225s] Invoked command in '/home/ngan/Documents/test_github/lesson5_ws_updated/build/rmitbot_bringup' returned '0': CMAKE_PREFIX_PATH=${CMAKE_PREFIX_PATH}:/opt/ros/jazzy DEBUGINFOD_URLS=https://debuginfod.ubuntu.com /usr/bin/cmake /home/ngan/Documents/test_github/lesson5_ws_updated/src/rmitbot_bringup -DCMAKE_INSTALL_PREFIX=/home/ngan/Documents/test_github/lesson5_ws_updated/install/rmitbot_bringup
[2.225s] Invoking command in '/home/ngan/Documents/test_github/lesson5_ws_updated/build/rmitbot_bringup': CMAKE_PREFIX_PATH=${CMAKE_PREFIX_PATH}:/opt/ros/jazzy DEBUGINFOD_URLS=https://debuginfod.ubuntu.com /usr/bin/cmake --build /home/ngan/Documents/test_github/lesson5_ws_updated/build/rmitbot_bringup -- -j4 -l4
[2.389s] Invoked command in '/home/ngan/Documents/test_github/lesson5_ws_updated/build/rmitbot_bringup' returned '0': CMAKE_PREFIX_PATH=${CMAKE_PREFIX_PATH}:/opt/ros/jazzy DEBUGINFOD_URLS=https://debuginfod.ubuntu.com /usr/bin/cmake --build /home/ngan/Documents/test_github/lesson5_ws_updated/build/rmitbot_bringup -- -j4 -l4
[2.415s] Invoking command in '/home/ngan/Documents/test_github/lesson5_ws_updated/build/rmitbot_bringup': CMAKE_PREFIX_PATH=${CMAKE_PREFIX_PATH}:/opt/ros/jazzy DEBUGINFOD_URLS=https://debuginfod.ubuntu.com /usr/bin/cmake --install /home/ngan/Documents/test_github/lesson5_ws_updated/build/rmitbot_bringup
[2.452s] -- Install configuration: ""
[2.467s] -- Installing: /home/ngan/Documents/test_github/lesson5_ws_updated/install/rmitbot_bringup/share/rmitbot_bringup/launch
[2.467s] -- Installing: /home/ngan/Documents/test_github/lesson5_ws_updated/install/rmitbot_bringup/share/rmitbot_bringup/launch/simrobot.launch.py
[2.475s] -- Installing: /home/ngan/Documents/test_github/lesson5_ws_updated/install/rmitbot_bringup/share/rmitbot_bringup/launch/realrobot.launch.py
[2.475s] -- Installing: /home/ngan/Documents/test_github/lesson5_ws_updated/install/rmitbot_bringup/share/ament_index/resource_index/package_run_dependencies/rmitbot_bringup
[2.475s] -- Installing: /home/ngan/Documents/test_github/lesson5_ws_updated/install/rmitbot_bringup/share/ament_index/resource_index/parent_prefix_path/rmitbot_bringup
[2.475s] -- Installing: /home/ngan/Documents/test_github/lesson5_ws_updated/install/rmitbot_bringup/share/rmitbot_bringup/environment/ament_prefix_path.sh
[2.475s] -- Installing: /home/ngan/Documents/test_github/lesson5_ws_updated/install/rmitbot_bringup/share/rmitbot_bringup/environment/ament_prefix_path.dsv
[2.476s] -- Installing: /home/ngan/Documents/test_github/lesson5_ws_updated/install/rmitbot_bringup/share/rmitbot_bringup/environment/path.sh
[2.477s] -- Installing: /home/ngan/Documents/test_github/lesson5_ws_updated/install/rmitbot_bringup/share/rmitbot_bringup/environment/path.dsv
[2.478s] -- Installing: /home/ngan/Documents/test_github/lesson5_ws_updated/install/rmitbot_bringup/share/rmitbot_bringup/local_setup.bash
[2.478s] -- Installing: /home/ngan/Documents/test_github/lesson5_ws_updated/install/rmitbot_bringup/share/rmitbot_bringup/local_setup.sh
[2.478s] -- Installing: /home/ngan/Documents/test_github/lesson5_ws_updated/install/rmitbot_bringup/share/rmitbot_bringup/local_setup.zsh
[2.478s] -- Installing: /home/ngan/Documents/test_github/lesson5_ws_updated/install/rmitbot_bringup/share/rmitbot_bringup/local_setup.dsv
[2.478s] -- Installing: /home/ngan/Documents/test_github/lesson5_ws_updated/install/rmitbot_bringup/share/rmitbot_bringup/package.dsv
[2.478s] -- Installing: /home/ngan/Documents/test_github/lesson5_ws_updated/install/rmitbot_bringup/share/ament_index/resource_index/packages/rmitbot_bringup
[2.478s] -- Installing: /home/ngan/Documents/test_github/lesson5_ws_updated/install/rmitbot_bringup/share/rmitbot_bringup/cmake/rmitbot_bringupConfig.cmake
[2.478s] -- Installing: /home/ngan/Documents/test_github/lesson5_ws_updated/install/rmitbot_bringup/share/rmitbot_bringup/cmake/rmitbot_bringupConfig-version.cmake
[2.479s] -- Installing: /home/ngan/Documents/test_github/lesson5_ws_updated/install/rmitbot_bringup/share/rmitbot_bringup/package.xml
[2.484s] Invoked command in '/home/ngan/Documents/test_github/lesson5_ws_updated/build/rmitbot_bringup' returned '0': CMAKE_PREFIX_PATH=${CMAKE_PREFIX_PATH}:/opt/ros/jazzy DEBUGINFOD_URLS=https://debuginfod.ubuntu.com /usr/bin/cmake --install /home/ngan/Documents/test_github/lesson5_ws_updated/build/rmitbot_bringup
