[0.037s] Invoking command in '/home/ngan/Documents/test_github/lesson5_ws_updated/build/rmitbot_bringup': CMAKE_PREFIX_PATH=${CMAKE_PREFIX_PATH}:/opt/ros/jazzy DEBUGINFOD_URLS=https://debuginfod.ubuntu.com /usr/bin/cmake --build /home/ngan/Documents/test_github/lesson5_ws_updated/build/rmitbot_bringup -- -j4 -l4
[0.363s] Invoked command in '/home/ngan/Documents/test_github/lesson5_ws_updated/build/rmitbot_bringup' returned '0': CMAKE_PREFIX_PATH=${CMAKE_PREFIX_PATH}:/opt/ros/jazzy DEBUGINFOD_URLS=https://debuginfod.ubuntu.com /usr/bin/cmake --build /home/ngan/Documents/test_github/lesson5_ws_updated/build/rmitbot_bringup -- -j4 -l4
[0.364s] Invoking command in '/home/ngan/Documents/test_github/lesson5_ws_updated/build/rmitbot_bringup': CMAKE_PREFIX_PATH=${CMAKE_PREFIX_PATH}:/opt/ros/jazzy DEBUGINFOD_URLS=https://debuginfod.ubuntu.com /usr/bin/cmake --install /home/ngan/Documents/test_github/lesson5_ws_updated/build/rmitbot_bringup
[0.376s] -- Install configuration: ""
[0.381s] -- Up-to-date: /home/ngan/Documents/test_github/lesson5_ws_updated/install/rmitbot_bringup/share/rmitbot_bringup/launch
[0.382s] -- Up-to-date: /home/ngan/Documents/test_github/lesson5_ws_updated/install/rmitbot_bringup/share/rmitbot_bringup/launch/simrobot.launch.py
[0.382s] -- Installing: /home/ngan/Documents/test_github/lesson5_ws_updated/install/rmitbot_bringup/share/rmitbot_bringup/launch/realrobot.launch.py
[0.385s] -- Up-to-date: /home/ngan/Documents/test_github/lesson5_ws_updated/install/rmitbot_bringup/share/ament_index/resource_index/package_run_dependencies/rmitbot_bringup
[0.385s] -- Up-to-date: /home/ngan/Documents/test_github/lesson5_ws_updated/install/rmitbot_bringup/share/ament_index/resource_index/parent_prefix_path/rmitbot_bringup
[0.392s] -- Up-to-date: /home/ngan/Documents/test_github/lesson5_ws_updated/install/rmitbot_bringup/share/rmitbot_bringup/environment/ament_prefix_path.sh
[0.392s] -- Up-to-date: /home/ngan/Documents/test_github/lesson5_ws_updated/install/rmitbot_bringup/share/rmitbot_bringup/environment/ament_prefix_path.dsv
[0.393s] -- Up-to-date: /home/ngan/Documents/test_github/lesson5_ws_updated/install/rmitbot_bringup/share/rmitbot_bringup/environment/path.sh
[0.393s] -- Up-to-date: /home/ngan/Documents/test_github/lesson5_ws_updated/install/rmitbot_bringup/share/rmitbot_bringup/environment/path.dsv
[0.393s] -- Up-to-date: /home/ngan/Documents/test_github/lesson5_ws_updated/install/rmitbot_bringup/share/rmitbot_bringup/local_setup.bash
[0.393s] -- Up-to-date: /home/ngan/Documents/test_github/lesson5_ws_updated/install/rmitbot_bringup/share/rmitbot_bringup/local_setup.sh
[0.393s] -- Up-to-date: /home/ngan/Documents/test_github/lesson5_ws_updated/install/rmitbot_bringup/share/rmitbot_bringup/local_setup.zsh
[0.393s] -- Up-to-date: /home/ngan/Documents/test_github/lesson5_ws_updated/install/rmitbot_bringup/share/rmitbot_bringup/local_setup.dsv
[0.393s] -- Up-to-date: /home/ngan/Documents/test_github/lesson5_ws_updated/install/rmitbot_bringup/share/rmitbot_bringup/package.dsv
[0.396s] -- Up-to-date: /home/ngan/Documents/test_github/lesson5_ws_updated/install/rmitbot_bringup/share/ament_index/resource_index/packages/rmitbot_bringup
[0.396s] -- Up-to-date: /home/ngan/Documents/test_github/lesson5_ws_updated/install/rmitbot_bringup/share/rmitbot_bringup/cmake/rmitbot_bringupConfig.cmake
[0.396s] -- Up-to-date: /home/ngan/Documents/test_github/lesson5_ws_updated/install/rmitbot_bringup/share/rmitbot_bringup/cmake/rmitbot_bringupConfig-version.cmake
[0.396s] -- Up-to-date: /home/ngan/Documents/test_github/lesson5_ws_updated/install/rmitbot_bringup/share/rmitbot_bringup/package.xml
[0.398s] Invoked command in '/home/ngan/Documents/test_github/lesson5_ws_updated/build/rmitbot_bringup' returned '0': CMAKE_PREFIX_PATH=${CMAKE_PREFIX_PATH}:/opt/ros/jazzy DEBUGINFOD_URLS=https://debuginfod.ubuntu.com /usr/bin/cmake --install /home/ngan/Documents/test_github/lesson5_ws_updated/build/rmitbot_bringup
