[0.026s] Invoking command in '/home/ngan/Documents/test_github/lesson5_ws_updated/build/rmitbot_localization': CMAKE_PREFIX_PATH=${CMAKE_PREFIX_PATH}:/opt/ros/jazzy DEBUGINFOD_URLS=https://debuginfod.ubuntu.com /usr/bin/cmake --build /home/ngan/Documents/test_github/lesson5_ws_updated/build/rmitbot_localization -- -j4 -l4
[0.076s] Invoked command in '/home/ngan/Documents/test_github/lesson5_ws_updated/build/rmitbot_localization' returned '0': CMAKE_PREFIX_PATH=${CMAKE_PREFIX_PATH}:/opt/ros/jazzy DEBUGINFOD_URLS=https://debuginfod.ubuntu.com /usr/bin/cmake --build /home/ngan/Documents/test_github/lesson5_ws_updated/build/rmitbot_localization -- -j4 -l4
[0.077s] Invoking command in '/home/ngan/Documents/test_github/lesson5_ws_updated/build/rmitbot_localization': CMAKE_PREFIX_PATH=${CMAKE_PREFIX_PATH}:/opt/ros/jazzy DEBUGINFOD_URLS=https://debuginfod.ubuntu.com /usr/bin/cmake --install /home/ngan/Documents/test_github/lesson5_ws_updated/build/rmitbot_localization
[0.083s] -- Install configuration: ""
[0.083s] -- Up-to-date: /home/ngan/Documents/test_github/lesson5_ws_updated/install/rmitbot_localization/share/rmitbot_localization/launch
[0.083s] -- Up-to-date: /home/ngan/Documents/test_github/lesson5_ws_updated/install/rmitbot_localization/share/rmitbot_localization/launch/local_localization.launch.py
[0.083s] -- Up-to-date: /home/ngan/Documents/test_github/lesson5_ws_updated/install/rmitbot_localization/share/rmitbot_localization/config
[0.083s] -- Up-to-date: /home/ngan/Documents/test_github/lesson5_ws_updated/install/rmitbot_localization/share/rmitbot_localization/config/ekf.yaml
[0.083s] -- Up-to-date: /home/ngan/Documents/test_github/lesson5_ws_updated/install/rmitbot_localization/share/ament_index/resource_index/package_run_dependencies/rmitbot_localization
[0.084s] -- Up-to-date: /home/ngan/Documents/test_github/lesson5_ws_updated/install/rmitbot_localization/share/ament_index/resource_index/parent_prefix_path/rmitbot_localization
[0.084s] -- Up-to-date: /home/ngan/Documents/test_github/lesson5_ws_updated/install/rmitbot_localization/share/rmitbot_localization/environment/ament_prefix_path.sh
[0.084s] -- Up-to-date: /home/ngan/Documents/test_github/lesson5_ws_updated/install/rmitbot_localization/share/rmitbot_localization/environment/ament_prefix_path.dsv
[0.084s] -- Up-to-date: /home/ngan/Documents/test_github/lesson5_ws_updated/install/rmitbot_localization/share/rmitbot_localization/environment/path.sh
[0.084s] -- Up-to-date: /home/ngan/Documents/test_github/lesson5_ws_updated/install/rmitbot_localization/share/rmitbot_localization/environment/path.dsv
[0.084s] -- Up-to-date: /home/ngan/Documents/test_github/lesson5_ws_updated/install/rmitbot_localization/share/rmitbot_localization/local_setup.bash
[0.084s] -- Up-to-date: /home/ngan/Documents/test_github/lesson5_ws_updated/install/rmitbot_localization/share/rmitbot_localization/local_setup.sh
[0.084s] -- Up-to-date: /home/ngan/Documents/test_github/lesson5_ws_updated/install/rmitbot_localization/share/rmitbot_localization/local_setup.zsh
[0.084s] -- Up-to-date: /home/ngan/Documents/test_github/lesson5_ws_updated/install/rmitbot_localization/share/rmitbot_localization/local_setup.dsv
[0.084s] -- Installing: /home/ngan/Documents/test_github/lesson5_ws_updated/install/rmitbot_localization/share/rmitbot_localization/package.dsv
[0.084s] -- Up-to-date: /home/ngan/Documents/test_github/lesson5_ws_updated/install/rmitbot_localization/share/ament_index/resource_index/packages/rmitbot_localization
[0.084s] -- Up-to-date: /home/ngan/Documents/test_github/lesson5_ws_updated/install/rmitbot_localization/share/rmitbot_localization/cmake/rmitbot_localizationConfig.cmake
[0.084s] -- Up-to-date: /home/ngan/Documents/test_github/lesson5_ws_updated/install/rmitbot_localization/share/rmitbot_localization/cmake/rmitbot_localizationConfig-version.cmake
[0.084s] -- Up-to-date: /home/ngan/Documents/test_github/lesson5_ws_updated/install/rmitbot_localization/share/rmitbot_localization/package.xml
[0.085s] Invoked command in '/home/ngan/Documents/test_github/lesson5_ws_updated/build/rmitbot_localization' returned '0': CMAKE_PREFIX_PATH=${CMAKE_PREFIX_PATH}:/opt/ros/jazzy DEBUGINFOD_URLS=https://debuginfod.ubuntu.com /usr/bin/cmake --install /home/ngan/Documents/test_github/lesson5_ws_updated/build/rmitbot_localization
