[0.032s] Invoking command in '/home/ngan/Documents/test_github/lesson5_ws_updated/build/rmitbot_controller': CMAKE_PREFIX_PATH=${CMAKE_PREFIX_PATH}:/opt/ros/jazzy DEBUGINFOD_URLS=https://debuginfod.ubuntu.com /usr/bin/cmake /home/ngan/Documents/test_github/lesson5_ws_updated/src/rmitbot_controller -DCMAKE_INSTALL_PREFIX=/home/ngan/Documents/test_github/lesson5_ws_updated/install/rmitbot_controller
[0.637s] -- The C compiler identification is GNU 13.3.0
[0.818s] -- The CXX compiler identification is GNU 13.3.0
[0.864s] -- Detecting C compiler ABI info
[1.082s] -- Detecting C compiler ABI info - done
[1.128s] -- Check for working C compiler: /usr/bin/cc - skipped
[1.129s] -- Detecting C compile features
[1.130s] -- Detecting C compile features - done
[1.182s] -- Detecting CXX compiler ABI info
[1.392s] -- Detecting CXX compiler ABI info - done
[1.430s] -- Check for working CXX compiler: /usr/bin/c++ - skipped
[1.431s] -- Detecting CXX compile features
[1.432s] -- Detecting CXX compile features - done
[1.435s] -- Found ament_cmake: 2.5.4 (/opt/ros/jazzy/share/ament_cmake/cmake)
[1.803s] -- Found Python3: /usr/bin/python3 (found version "3.12.3") found components: Interpreter 
[2.169s] -- Configuring done (2.0s)
[2.169s] -- Generating done (0.0s)
[2.172s] -- Build files have been written to: /home/ngan/Documents/test_github/lesson5_ws_updated/build/rmitbot_controller
[2.204s] Invoked command in '/home/ngan/Documents/test_github/lesson5_ws_updated/build/rmitbot_controller' returned '0': CMAKE_PREFIX_PATH=${CMAKE_PREFIX_PATH}:/opt/ros/jazzy DEBUGINFOD_URLS=https://debuginfod.ubuntu.com /usr/bin/cmake /home/ngan/Documents/test_github/lesson5_ws_updated/src/rmitbot_controller -DCMAKE_INSTALL_PREFIX=/home/ngan/Documents/test_github/lesson5_ws_updated/install/rmitbot_controller
[2.205s] Invoking command in '/home/ngan/Documents/test_github/lesson5_ws_updated/build/rmitbot_controller': CMAKE_PREFIX_PATH=${CMAKE_PREFIX_PATH}:/opt/ros/jazzy DEBUGINFOD_URLS=https://debuginfod.ubuntu.com /usr/bin/cmake --build /home/ngan/Documents/test_github/lesson5_ws_updated/build/rmitbot_controller -- -j4 -l4
[2.409s] Invoked command in '/home/ngan/Documents/test_github/lesson5_ws_updated/build/rmitbot_controller' returned '0': CMAKE_PREFIX_PATH=${CMAKE_PREFIX_PATH}:/opt/ros/jazzy DEBUGINFOD_URLS=https://debuginfod.ubuntu.com /usr/bin/cmake --build /home/ngan/Documents/test_github/lesson5_ws_updated/build/rmitbot_controller -- -j4 -l4
[2.409s] Invoking command in '/home/ngan/Documents/test_github/lesson5_ws_updated/build/rmitbot_controller': CMAKE_PREFIX_PATH=${CMAKE_PREFIX_PATH}:/opt/ros/jazzy DEBUGINFOD_URLS=https://debuginfod.ubuntu.com /usr/bin/cmake --install /home/ngan/Documents/test_github/lesson5_ws_updated/build/rmitbot_controller
[2.473s] -- Install configuration: ""
[2.473s] -- Installing: /home/ngan/Documents/test_github/lesson5_ws_updated/install/rmitbot_controller/share/rmitbot_controller/launch
[2.473s] -- Installing: /home/ngan/Documents/test_github/lesson5_ws_updated/install/rmitbot_controller/share/rmitbot_controller/launch/controller.launch.py
[2.476s] -- Installing: /home/ngan/Documents/test_github/lesson5_ws_updated/install/rmitbot_controller/share/rmitbot_controller/launch/teleopkeyboard.launch.py
[2.479s] -- Installing: /home/ngan/Documents/test_github/lesson5_ws_updated/install/rmitbot_controller/share/rmitbot_controller/config
[2.479s] -- Installing: /home/ngan/Documents/test_github/lesson5_ws_updated/install/rmitbot_controller/share/rmitbot_controller/config/rmitbot_controller.yaml
[2.481s] -- Installing: /home/ngan/Documents/test_github/lesson5_ws_updated/install/rmitbot_controller/share/ament_index/resource_index/package_run_dependencies/rmitbot_controller
[2.481s] -- Installing: /home/ngan/Documents/test_github/lesson5_ws_updated/install/rmitbot_controller/share/ament_index/resource_index/parent_prefix_path/rmitbot_controller
[2.481s] -- Installing: /home/ngan/Documents/test_github/lesson5_ws_updated/install/rmitbot_controller/share/rmitbot_controller/environment/ament_prefix_path.sh
[2.481s] -- Installing: /home/ngan/Documents/test_github/lesson5_ws_updated/install/rmitbot_controller/share/rmitbot_controller/environment/ament_prefix_path.dsv
[2.481s] -- Installing: /home/ngan/Documents/test_github/lesson5_ws_updated/install/rmitbot_controller/share/rmitbot_controller/environment/path.sh
[2.482s] -- Installing: /home/ngan/Documents/test_github/lesson5_ws_updated/install/rmitbot_controller/share/rmitbot_controller/environment/path.dsv
[2.482s] -- Installing: /home/ngan/Documents/test_github/lesson5_ws_updated/install/rmitbot_controller/share/rmitbot_controller/local_setup.bash
[2.482s] -- Installing: /home/ngan/Documents/test_github/lesson5_ws_updated/install/rmitbot_controller/share/rmitbot_controller/local_setup.sh
[2.482s] -- Installing: /home/ngan/Documents/test_github/lesson5_ws_updated/install/rmitbot_controller/share/rmitbot_controller/local_setup.zsh
[2.482s] -- Installing: /home/ngan/Documents/test_github/lesson5_ws_updated/install/rmitbot_controller/share/rmitbot_controller/local_setup.dsv
[2.482s] -- Installing: /home/ngan/Documents/test_github/lesson5_ws_updated/install/rmitbot_controller/share/rmitbot_controller/package.dsv
[2.482s] -- Installing: /home/ngan/Documents/test_github/lesson5_ws_updated/install/rmitbot_controller/share/ament_index/resource_index/packages/rmitbot_controller
[2.482s] -- Installing: /home/ngan/Documents/test_github/lesson5_ws_updated/install/rmitbot_controller/share/rmitbot_controller/cmake/rmitbot_controllerConfig.cmake
[2.482s] -- Installing: /home/ngan/Documents/test_github/lesson5_ws_updated/install/rmitbot_controller/share/rmitbot_controller/cmake/rmitbot_controllerConfig-version.cmake
[2.488s] -- Installing: /home/ngan/Documents/test_github/lesson5_ws_updated/install/rmitbot_controller/share/rmitbot_controller/package.xml
[2.523s] Invoked command in '/home/ngan/Documents/test_github/lesson5_ws_updated/build/rmitbot_controller' returned '0': CMAKE_PREFIX_PATH=${CMAKE_PREFIX_PATH}:/opt/ros/jazzy DEBUGINFOD_URLS=https://debuginfod.ubuntu.com /usr/bin/cmake --install /home/ngan/Documents/test_github/lesson5_ws_updated/build/rmitbot_controller
