[0.021s] Invoking command in '/home/ngan/Documents/test_github/lesson5_ws_updated/build/rmitbot_controller': CMAKE_PREFIX_PATH=${CMAKE_PREFIX_PATH}:/opt/ros/jazzy DEBUGINFOD_URLS=https://debuginfod.ubuntu.com /usr/bin/cmake --build /home/ngan/Documents/test_github/lesson5_ws_updated/build/rmitbot_controller -- -j4 -l4
[0.345s] Invoked command in '/home/ngan/Documents/test_github/lesson5_ws_updated/build/rmitbot_controller' returned '0': CMAKE_PREFIX_PATH=${CMAKE_PREFIX_PATH}:/opt/ros/jazzy DEBUGINFOD_URLS=https://debuginfod.ubuntu.com /usr/bin/cmake --build /home/ngan/Documents/test_github/lesson5_ws_updated/build/rmitbot_controller -- -j4 -l4
[0.348s] Invoking command in '/home/ngan/Documents/test_github/lesson5_ws_updated/build/rmitbot_controller': CMAKE_PREFIX_PATH=${CMAKE_PREFIX_PATH}:/opt/ros/jazzy DEBUGINFOD_URLS=https://debuginfod.ubuntu.com /usr/bin/cmake --install /home/ngan/Documents/test_github/lesson5_ws_updated/build/rmitbot_controller
[0.382s] -- Install configuration: ""
[0.383s] -- Up-to-date: /home/ngan/Documents/test_github/lesson5_ws_updated/install/rmitbot_controller/share/rmitbot_controller/launch
[0.384s] -- Up-to-date: /home/ngan/Documents/test_github/lesson5_ws_updated/install/rmitbot_controller/share/rmitbot_controller/launch/controller.launch.py
[0.385s] -- Up-to-date: /home/ngan/Documents/test_github/lesson5_ws_updated/install/rmitbot_controller/share/rmitbot_controller/launch/teleopkeyboard.launch.py
[0.385s] -- Up-to-date: /home/ngan/Documents/test_github/lesson5_ws_updated/install/rmitbot_controller/share/rmitbot_controller/config
[0.386s] -- Installing: /home/ngan/Documents/test_github/lesson5_ws_updated/install/rmitbot_controller/share/rmitbot_controller/config/rmitbot_controller.yaml
[0.387s] -- Up-to-date: /home/ngan/Documents/test_github/lesson5_ws_updated/install/rmitbot_controller/share/ament_index/resource_index/package_run_dependencies/rmitbot_controller
[0.388s] -- Up-to-date: /home/ngan/Documents/test_github/lesson5_ws_updated/install/rmitbot_controller/share/ament_index/resource_index/parent_prefix_path/rmitbot_controller
[0.388s] -- Up-to-date: /home/ngan/Documents/test_github/lesson5_ws_updated/install/rmitbot_controller/share/rmitbot_controller/environment/ament_prefix_path.sh
[0.390s] -- Up-to-date: /home/ngan/Documents/test_github/lesson5_ws_updated/install/rmitbot_controller/share/rmitbot_controller/environment/ament_prefix_path.dsv
[0.390s] -- Up-to-date: /home/ngan/Documents/test_github/lesson5_ws_updated/install/rmitbot_controller/share/rmitbot_controller/environment/path.sh
[0.390s] -- Up-to-date: /home/ngan/Documents/test_github/lesson5_ws_updated/install/rmitbot_controller/share/rmitbot_controller/environment/path.dsv
[0.390s] -- Up-to-date: /home/ngan/Documents/test_github/lesson5_ws_updated/install/rmitbot_controller/share/rmitbot_controller/local_setup.bash
[0.393s] -- Up-to-date: /home/ngan/Documents/test_github/lesson5_ws_updated/install/rmitbot_controller/share/rmitbot_controller/local_setup.sh
[0.393s] -- Up-to-date: /home/ngan/Documents/test_github/lesson5_ws_updated/install/rmitbot_controller/share/rmitbot_controller/local_setup.zsh
[0.404s] -- Up-to-date: /home/ngan/Documents/test_github/lesson5_ws_updated/install/rmitbot_controller/share/rmitbot_controller/local_setup.dsv
[0.404s] -- Up-to-date: /home/ngan/Documents/test_github/lesson5_ws_updated/install/rmitbot_controller/share/rmitbot_controller/package.dsv
[0.404s] -- Up-to-date: /home/ngan/Documents/test_github/lesson5_ws_updated/install/rmitbot_controller/share/ament_index/resource_index/packages/rmitbot_controller
[0.404s] -- Up-to-date: /home/ngan/Documents/test_github/lesson5_ws_updated/install/rmitbot_controller/share/rmitbot_controller/cmake/rmitbot_controllerConfig.cmake
[0.404s] -- Up-to-date: /home/ngan/Documents/test_github/lesson5_ws_updated/install/rmitbot_controller/share/rmitbot_controller/cmake/rmitbot_controllerConfig-version.cmake
[0.404s] -- Up-to-date: /home/ngan/Documents/test_github/lesson5_ws_updated/install/rmitbot_controller/share/rmitbot_controller/package.xml
[0.537s] Invoked command in '/home/ngan/Documents/test_github/lesson5_ws_updated/build/rmitbot_controller' returned '0': CMAKE_PREFIX_PATH=${CMAKE_PREFIX_PATH}:/opt/ros/jazzy DEBUGINFOD_URLS=https://debuginfod.ubuntu.com /usr/bin/cmake --install /home/ngan/Documents/test_github/lesson5_ws_updated/build/rmitbot_controller
