[0.037s] Invoking command in '/home/ngan/Documents/test_github/lesson5_ws_updated/build/rmitbot_bringup': CMAKE_PREFIX_PATH=${CMAKE_PREFIX_PATH}:/opt/ros/jazzy DEBUGINFOD_URLS=https://debuginfod.ubuntu.com /usr/bin/cmake --build /home/ngan/Documents/test_github/lesson5_ws_updated/build/rmitbot_bringup -- -j4 -l4
[0.125s] Invoked command in '/home/ngan/Documents/test_github/lesson5_ws_updated/build/rmitbot_bringup' returned '0': CMAKE_PREFIX_PATH=${CMAKE_PREFIX_PATH}:/opt/ros/jazzy DEBUGINFOD_URLS=https://debuginfod.ubuntu.com /usr/bin/cmake --build /home/ngan/Documents/test_github/lesson5_ws_updated/build/rmitbot_bringup -- -j4 -l4
[0.132s] Invoking command in '/home/ngan/Documents/test_github/lesson5_ws_updated/build/rmitbot_bringup': CMAKE_PREFIX_PATH=${CMAKE_PREFIX_PATH}:/opt/ros/jazzy DEBUGINFOD_URLS=https://debuginfod.ubuntu.com /usr/bin/cmake --install /home/ngan/Documents/test_github/lesson5_ws_updated/build/rmitbot_bringup
[0.138s] -- Install configuration: ""
[0.138s] -- Up-to-date: /home/ngan/Documents/test_github/lesson5_ws_updated/install/rmitbot_bringup/share/rmitbot_bringup/launch
[0.148s] -- Up-to-date: /home/ngan/Documents/test_github/lesson5_ws_updated/install/rmitbot_bringup/share/rmitbot_bringup/launch/simrobot.launch.py
[0.148s] -- Up-to-date: /home/ngan/Documents/test_github/lesson5_ws_updated/install/rmitbot_bringup/share/rmitbot_bringup/launch/realrobot.launch.py
[0.148s] -- Up-to-date: /home/ngan/Documents/test_github/lesson5_ws_updated/install/rmitbot_bringup/share/ament_index/resource_index/package_run_dependencies/rmitbot_bringup
[0.148s] -- Up-to-date: /home/ngan/Documents/test_github/lesson5_ws_updated/install/rmitbot_bringup/share/ament_index/resource_index/parent_prefix_path/rmitbot_bringup
[0.148s] -- Up-to-date: /home/ngan/Documents/test_github/lesson5_ws_updated/install/rmitbot_bringup/share/rmitbot_bringup/environment/ament_prefix_path.sh
[0.148s] -- Up-to-date: /home/ngan/Documents/test_github/lesson5_ws_updated/install/rmitbot_bringup/share/rmitbot_bringup/environment/ament_prefix_path.dsv
[0.149s] -- Up-to-date: /home/ngan/Documents/test_github/lesson5_ws_updated/install/rmitbot_bringup/share/rmitbot_bringup/environment/path.sh
[0.149s] -- Up-to-date: /home/ngan/Documents/test_github/lesson5_ws_updated/install/rmitbot_bringup/share/rmitbot_bringup/environment/path.dsv
[0.149s] -- Up-to-date: /home/ngan/Documents/test_github/lesson5_ws_updated/install/rmitbot_bringup/share/rmitbot_bringup/local_setup.bash
[0.149s] -- Up-to-date: /home/ngan/Documents/test_github/lesson5_ws_updated/install/rmitbot_bringup/share/rmitbot_bringup/local_setup.sh
[0.149s] -- Up-to-date: /home/ngan/Documents/test_github/lesson5_ws_updated/install/rmitbot_bringup/share/rmitbot_bringup/local_setup.zsh
[0.149s] -- Up-to-date: /home/ngan/Documents/test_github/lesson5_ws_updated/install/rmitbot_bringup/share/rmitbot_bringup/local_setup.dsv
[0.149s] -- Installing: /home/ngan/Documents/test_github/lesson5_ws_updated/install/rmitbot_bringup/share/rmitbot_bringup/package.dsv
[0.149s] -- Up-to-date: /home/ngan/Documents/test_github/lesson5_ws_updated/install/rmitbot_bringup/share/ament_index/resource_index/packages/rmitbot_bringup
[0.149s] -- Up-to-date: /home/ngan/Documents/test_github/lesson5_ws_updated/install/rmitbot_bringup/share/rmitbot_bringup/cmake/rmitbot_bringupConfig.cmake
[0.149s] -- Up-to-date: /home/ngan/Documents/test_github/lesson5_ws_updated/install/rmitbot_bringup/share/rmitbot_bringup/cmake/rmitbot_bringupConfig-version.cmake
[0.149s] -- Up-to-date: /home/ngan/Documents/test_github/lesson5_ws_updated/install/rmitbot_bringup/share/rmitbot_bringup/package.xml
[0.157s] Invoked command in '/home/ngan/Documents/test_github/lesson5_ws_updated/build/rmitbot_bringup' returned '0': CMAKE_PREFIX_PATH=${CMAKE_PREFIX_PATH}:/opt/ros/jazzy DEBUGINFOD_URLS=https://debuginfod.ubuntu.com /usr/bin/cmake --install /home/ngan/Documents/test_github/lesson5_ws_updated/build/rmitbot_bringup
