[0.435s] DEBUG:colcon:Command line arguments: ['/usr/bin/colcon', 'build']
[0.436s] DEBUG:colcon:Parsed command line arguments: Namespace(log_base=None, log_level=None, verb_name='build', build_base='build', install_base='install', merge_install=False, symlink_install=False, test_result_base=None, continue_on_error=False, executor='parallel', parallel_workers=4, event_handlers=None, ignore_user_meta=False, metas=['./colcon.meta'], base_paths=['.'], packages_ignore=None, packages_ignore_regex=None, paths=None, packages_up_to=None, packages_up_to_regex=None, packages_above=None, packages_above_and_dependencies=None, packages_above_depth=None, packages_select_by_dep=None, packages_skip_by_dep=None, packages_skip_up_to=None, packages_select_build_failed=False, packages_skip_build_finished=False, packages_select_test_failures=False, packages_skip_test_passed=False, packages_select=None, packages_skip=None, packages_select_regex=None, packages_skip_regex=None, packages_start=None, packages_end=None, cmake_args=None, cmake_target=None, cmake_target_skip_unavailable=False, cmake_clean_cache=False, cmake_clean_first=False, cmake_force_configure=False, ament_cmake_args=None, catkin_cmake_args=None, catkin_skip_building_tests=False, verb_parser=<colcon_defaults.argument_parser.defaults.DefaultArgumentsDecorator object at 0xe25e803ef650>, verb_extension=<colcon_core.verb.build.BuildVerb object at 0xe25e8036e210>, main=<bound method BuildVerb.main of <colcon_core.verb.build.BuildVerb object at 0xe25e8036e210>>)
[0.509s] Level 1:colcon.colcon_core.package_discovery:discover_packages(colcon_meta) check parameters
[0.509s] Level 1:colcon.colcon_core.package_discovery:discover_packages(recursive) check parameters
[0.509s] Level 1:colcon.colcon_core.package_discovery:discover_packages(ignore) check parameters
[0.509s] Level 1:colcon.colcon_core.package_discovery:discover_packages(path) check parameters
[0.509s] Level 1:colcon.colcon_core.package_discovery:discover_packages(colcon_meta) discover
[0.509s] Level 1:colcon.colcon_core.package_discovery:discover_packages(recursive) discover
[0.509s] INFO:colcon.colcon_core.package_discovery:Crawling recursively for packages in '/home/ngan/Documents/test_github/lesson5_ws_updated'
[0.510s] Level 1:colcon.colcon_core.package_identification:_identify(.) by extensions ['ignore', 'ignore_ament_install']
[0.510s] Level 1:colcon.colcon_core.package_identification:_identify(.) by extension 'ignore'
[0.510s] Level 1:colcon.colcon_core.package_identification:_identify(.) by extension 'ignore_ament_install'
[0.510s] Level 1:colcon.colcon_core.package_identification:_identify(.) by extensions ['colcon_pkg']
[0.510s] Level 1:colcon.colcon_core.package_identification:_identify(.) by extension 'colcon_pkg'
[0.510s] Level 1:colcon.colcon_core.package_identification:_identify(.) by extensions ['colcon_meta']
[0.510s] Level 1:colcon.colcon_core.package_identification:_identify(.) by extension 'colcon_meta'
[0.510s] Level 1:colcon.colcon_core.package_identification:_identify(.) by extensions ['ros']
[0.510s] Level 1:colcon.colcon_core.package_identification:_identify(.) by extension 'ros'
[0.580s] Level 1:colcon.colcon_core.package_identification:_identify(.) by extensions ['cmake', 'python']
[0.580s] Level 1:colcon.colcon_core.package_identification:_identify(.) by extension 'cmake'
[0.580s] Level 1:colcon.colcon_core.package_identification:_identify(.) by extension 'python'
[0.580s] Level 1:colcon.colcon_core.package_identification:_identify(.) by extensions ['python_setup_py']
[0.580s] Level 1:colcon.colcon_core.package_identification:_identify(.) by extension 'python_setup_py'
[0.580s] Level 1:colcon.colcon_core.package_identification:_identify(build) by extensions ['ignore', 'ignore_ament_install']
[0.580s] Level 1:colcon.colcon_core.package_identification:_identify(build) by extension 'ignore'
[0.580s] Level 1:colcon.colcon_core.package_identification:_identify(build) ignored
[0.580s] Level 1:colcon.colcon_core.package_identification:_identify(install) by extensions ['ignore', 'ignore_ament_install']
[0.581s] Level 1:colcon.colcon_core.package_identification:_identify(install) by extension 'ignore'
[0.581s] Level 1:colcon.colcon_core.package_identification:_identify(install) ignored
[0.581s] Level 1:colcon.colcon_core.package_identification:_identify(log) by extensions ['ignore', 'ignore_ament_install']
[0.581s] Level 1:colcon.colcon_core.package_identification:_identify(log) by extension 'ignore'
[0.581s] Level 1:colcon.colcon_core.package_identification:_identify(log) ignored
[0.581s] Level 1:colcon.colcon_core.package_identification:_identify(src) by extensions ['ignore', 'ignore_ament_install']
[0.581s] Level 1:colcon.colcon_core.package_identification:_identify(src) by extension 'ignore'
[0.581s] Level 1:colcon.colcon_core.package_identification:_identify(src) by extension 'ignore_ament_install'
[0.581s] Level 1:colcon.colcon_core.package_identification:_identify(src) by extensions ['colcon_pkg']
[0.581s] Level 1:colcon.colcon_core.package_identification:_identify(src) by extension 'colcon_pkg'
[0.581s] Level 1:colcon.colcon_core.package_identification:_identify(src) by extensions ['colcon_meta']
[0.581s] Level 1:colcon.colcon_core.package_identification:_identify(src) by extension 'colcon_meta'
[0.581s] Level 1:colcon.colcon_core.package_identification:_identify(src) by extensions ['ros']
[0.581s] Level 1:colcon.colcon_core.package_identification:_identify(src) by extension 'ros'
[0.581s] Level 1:colcon.colcon_core.package_identification:_identify(src) by extensions ['cmake', 'python']
[0.581s] Level 1:colcon.colcon_core.package_identification:_identify(src) by extension 'cmake'
[0.581s] Level 1:colcon.colcon_core.package_identification:_identify(src) by extension 'python'
[0.581s] Level 1:colcon.colcon_core.package_identification:_identify(src) by extensions ['python_setup_py']
[0.581s] Level 1:colcon.colcon_core.package_identification:_identify(src) by extension 'python_setup_py'
[0.581s] Level 1:colcon.colcon_core.package_identification:_identify(src/rmitbot_bringup) by extensions ['ignore', 'ignore_ament_install']
[0.581s] Level 1:colcon.colcon_core.package_identification:_identify(src/rmitbot_bringup) by extension 'ignore'
[0.581s] Level 1:colcon.colcon_core.package_identification:_identify(src/rmitbot_bringup) by extension 'ignore_ament_install'
[0.581s] Level 1:colcon.colcon_core.package_identification:_identify(src/rmitbot_bringup) by extensions ['colcon_pkg']
[0.582s] Level 1:colcon.colcon_core.package_identification:_identify(src/rmitbot_bringup) by extension 'colcon_pkg'
[0.582s] Level 1:colcon.colcon_core.package_identification:_identify(src/rmitbot_bringup) by extensions ['colcon_meta']
[0.582s] Level 1:colcon.colcon_core.package_identification:_identify(src/rmitbot_bringup) by extension 'colcon_meta'
[0.582s] Level 1:colcon.colcon_core.package_identification:_identify(src/rmitbot_bringup) by extensions ['ros']
[0.582s] Level 1:colcon.colcon_core.package_identification:_identify(src/rmitbot_bringup) by extension 'ros'
[0.589s] DEBUG:colcon.colcon_core.package_identification:Package 'src/rmitbot_bringup' with type 'ros.ament_cmake' and name 'rmitbot_bringup'
[0.589s] Level 1:colcon.colcon_core.package_identification:_identify(src/rmitbot_controller) by extensions ['ignore', 'ignore_ament_install']
[0.589s] Level 1:colcon.colcon_core.package_identification:_identify(src/rmitbot_controller) by extension 'ignore'
[0.589s] Level 1:colcon.colcon_core.package_identification:_identify(src/rmitbot_controller) by extension 'ignore_ament_install'
[0.589s] Level 1:colcon.colcon_core.package_identification:_identify(src/rmitbot_controller) by extensions ['colcon_pkg']
[0.589s] Level 1:colcon.colcon_core.package_identification:_identify(src/rmitbot_controller) by extension 'colcon_pkg'
[0.589s] Level 1:colcon.colcon_core.package_identification:_identify(src/rmitbot_controller) by extensions ['colcon_meta']
[0.589s] Level 1:colcon.colcon_core.package_identification:_identify(src/rmitbot_controller) by extension 'colcon_meta'
[0.589s] Level 1:colcon.colcon_core.package_identification:_identify(src/rmitbot_controller) by extensions ['ros']
[0.589s] Level 1:colcon.colcon_core.package_identification:_identify(src/rmitbot_controller) by extension 'ros'
[0.590s] DEBUG:colcon.colcon_core.package_identification:Package 'src/rmitbot_controller' with type 'ros.ament_cmake' and name 'rmitbot_controller'
[0.590s] Level 1:colcon.colcon_core.package_identification:_identify(src/rmitbot_description) by extensions ['ignore', 'ignore_ament_install']
[0.590s] Level 1:colcon.colcon_core.package_identification:_identify(src/rmitbot_description) by extension 'ignore'
[0.590s] Level 1:colcon.colcon_core.package_identification:_identify(src/rmitbot_description) by extension 'ignore_ament_install'
[0.590s] Level 1:colcon.colcon_core.package_identification:_identify(src/rmitbot_description) by extensions ['colcon_pkg']
[0.590s] Level 1:colcon.colcon_core.package_identification:_identify(src/rmitbot_description) by extension 'colcon_pkg'
[0.590s] Level 1:colcon.colcon_core.package_identification:_identify(src/rmitbot_description) by extensions ['colcon_meta']
[0.590s] Level 1:colcon.colcon_core.package_identification:_identify(src/rmitbot_description) by extension 'colcon_meta'
[0.590s] Level 1:colcon.colcon_core.package_identification:_identify(src/rmitbot_description) by extensions ['ros']
[0.590s] Level 1:colcon.colcon_core.package_identification:_identify(src/rmitbot_description) by extension 'ros'
[0.591s] DEBUG:colcon.colcon_core.package_identification:Package 'src/rmitbot_description' with type 'ros.ament_cmake' and name 'rmitbot_description'
[0.591s] Level 1:colcon.colcon_core.package_identification:_identify(src/rmitbot_firmware) by extensions ['ignore', 'ignore_ament_install']
[0.591s] Level 1:colcon.colcon_core.package_identification:_identify(src/rmitbot_firmware) by extension 'ignore'
[0.591s] Level 1:colcon.colcon_core.package_identification:_identify(src/rmitbot_firmware) by extension 'ignore_ament_install'
[0.591s] Level 1:colcon.colcon_core.package_identification:_identify(src/rmitbot_firmware) by extensions ['colcon_pkg']
[0.591s] Level 1:colcon.colcon_core.package_identification:_identify(src/rmitbot_firmware) by extension 'colcon_pkg'
[0.592s] Level 1:colcon.colcon_core.package_identification:_identify(src/rmitbot_firmware) by extensions ['colcon_meta']
[0.592s] Level 1:colcon.colcon_core.package_identification:_identify(src/rmitbot_firmware) by extension 'colcon_meta'
[0.592s] Level 1:colcon.colcon_core.package_identification:_identify(src/rmitbot_firmware) by extensions ['ros']
[0.592s] Level 1:colcon.colcon_core.package_identification:_identify(src/rmitbot_firmware) by extension 'ros'
[0.595s] DEBUG:colcon.colcon_core.package_identification:Package 'src/rmitbot_firmware' with type 'ros.ament_cmake' and name 'rmitbot_firmware'
[0.596s] Level 1:colcon.colcon_core.package_identification:_identify(src/rmitbot_localization) by extensions ['ignore', 'ignore_ament_install']
[0.596s] Level 1:colcon.colcon_core.package_identification:_identify(src/rmitbot_localization) by extension 'ignore'
[0.596s] Level 1:colcon.colcon_core.package_identification:_identify(src/rmitbot_localization) by extension 'ignore_ament_install'
[0.596s] Level 1:colcon.colcon_core.package_identification:_identify(src/rmitbot_localization) by extensions ['colcon_pkg']
[0.596s] Level 1:colcon.colcon_core.package_identification:_identify(src/rmitbot_localization) by extension 'colcon_pkg'
[0.596s] Level 1:colcon.colcon_core.package_identification:_identify(src/rmitbot_localization) by extensions ['colcon_meta']
[0.596s] Level 1:colcon.colcon_core.package_identification:_identify(src/rmitbot_localization) by extension 'colcon_meta'
[0.596s] Level 1:colcon.colcon_core.package_identification:_identify(src/rmitbot_localization) by extensions ['ros']
[0.596s] Level 1:colcon.colcon_core.package_identification:_identify(src/rmitbot_localization) by extension 'ros'
[0.602s] DEBUG:colcon.colcon_core.package_identification:Package 'src/rmitbot_localization' with type 'ros.ament_cmake' and name 'rmitbot_localization'
[0.602s] Level 1:colcon.colcon_core.package_discovery:discover_packages(recursive) using defaults
[0.603s] Level 1:colcon.colcon_core.package_discovery:discover_packages(ignore) discover
[0.603s] Level 1:colcon.colcon_core.package_discovery:discover_packages(ignore) using defaults
[0.603s] Level 1:colcon.colcon_core.package_discovery:discover_packages(path) discover
[0.604s] Level 1:colcon.colcon_core.package_discovery:discover_packages(path) using defaults
[0.642s] Level 5:colcon.colcon_core.verb:set package 'rmitbot_bringup' build argument 'cmake_args' from command line to 'None'
[0.642s] Level 5:colcon.colcon_core.verb:set package 'rmitbot_bringup' build argument 'cmake_target' from command line to 'None'
[0.642s] Level 5:colcon.colcon_core.verb:set package 'rmitbot_bringup' build argument 'cmake_target_skip_unavailable' from command line to 'False'
[0.642s] Level 5:colcon.colcon_core.verb:set package 'rmitbot_bringup' build argument 'cmake_clean_cache' from command line to 'False'
[0.642s] Level 5:colcon.colcon_core.verb:set package 'rmitbot_bringup' build argument 'cmake_clean_first' from command line to 'False'
[0.642s] Level 5:colcon.colcon_core.verb:set package 'rmitbot_bringup' build argument 'cmake_force_configure' from command line to 'False'
[0.642s] Level 5:colcon.colcon_core.verb:set package 'rmitbot_bringup' build argument 'ament_cmake_args' from command line to 'None'
[0.642s] Level 5:colcon.colcon_core.verb:set package 'rmitbot_bringup' build argument 'catkin_cmake_args' from command line to 'None'
[0.642s] Level 5:colcon.colcon_core.verb:set package 'rmitbot_bringup' build argument 'catkin_skip_building_tests' from command line to 'False'
[0.642s] DEBUG:colcon.colcon_core.verb:Building package 'rmitbot_bringup' with the following arguments: {'ament_cmake_args': None, 'build_base': '/home/ngan/Documents/test_github/lesson5_ws_updated/build/rmitbot_bringup', 'catkin_cmake_args': None, 'catkin_skip_building_tests': False, 'cmake_args': None, 'cmake_clean_cache': False, 'cmake_clean_first': False, 'cmake_force_configure': False, 'cmake_target': None, 'cmake_target_skip_unavailable': False, 'install_base': '/home/ngan/Documents/test_github/lesson5_ws_updated/install/rmitbot_bringup', 'merge_install': False, 'path': '/home/ngan/Documents/test_github/lesson5_ws_updated/src/rmitbot_bringup', 'symlink_install': False, 'test_result_base': None}
[0.642s] Level 5:colcon.colcon_core.verb:set package 'rmitbot_controller' build argument 'cmake_args' from command line to 'None'
[0.642s] Level 5:colcon.colcon_core.verb:set package 'rmitbot_controller' build argument 'cmake_target' from command line to 'None'
[0.642s] Level 5:colcon.colcon_core.verb:set package 'rmitbot_controller' build argument 'cmake_target_skip_unavailable' from command line to 'False'
[0.642s] Level 5:colcon.colcon_core.verb:set package 'rmitbot_controller' build argument 'cmake_clean_cache' from command line to 'False'
[0.642s] Level 5:colcon.colcon_core.verb:set package 'rmitbot_controller' build argument 'cmake_clean_first' from command line to 'False'
[0.642s] Level 5:colcon.colcon_core.verb:set package 'rmitbot_controller' build argument 'cmake_force_configure' from command line to 'False'
[0.642s] Level 5:colcon.colcon_core.verb:set package 'rmitbot_controller' build argument 'ament_cmake_args' from command line to 'None'
[0.642s] Level 5:colcon.colcon_core.verb:set package 'rmitbot_controller' build argument 'catkin_cmake_args' from command line to 'None'
[0.642s] Level 5:colcon.colcon_core.verb:set package 'rmitbot_controller' build argument 'catkin_skip_building_tests' from command line to 'False'
[0.642s] DEBUG:colcon.colcon_core.verb:Building package 'rmitbot_controller' with the following arguments: {'ament_cmake_args': None, 'build_base': '/home/ngan/Documents/test_github/lesson5_ws_updated/build/rmitbot_controller', 'catkin_cmake_args': None, 'catkin_skip_building_tests': False, 'cmake_args': None, 'cmake_clean_cache': False, 'cmake_clean_first': False, 'cmake_force_configure': False, 'cmake_target': None, 'cmake_target_skip_unavailable': False, 'install_base': '/home/ngan/Documents/test_github/lesson5_ws_updated/install/rmitbot_controller', 'merge_install': False, 'path': '/home/ngan/Documents/test_github/lesson5_ws_updated/src/rmitbot_controller', 'symlink_install': False, 'test_result_base': None}
[0.642s] Level 5:colcon.colcon_core.verb:set package 'rmitbot_description' build argument 'cmake_args' from command line to 'None'
[0.643s] Level 5:colcon.colcon_core.verb:set package 'rmitbot_description' build argument 'cmake_target' from command line to 'None'
[0.643s] Level 5:colcon.colcon_core.verb:set package 'rmitbot_description' build argument 'cmake_target_skip_unavailable' from command line to 'False'
[0.643s] Level 5:colcon.colcon_core.verb:set package 'rmitbot_description' build argument 'cmake_clean_cache' from command line to 'False'
[0.643s] Level 5:colcon.colcon_core.verb:set package 'rmitbot_description' build argument 'cmake_clean_first' from command line to 'False'
[0.643s] Level 5:colcon.colcon_core.verb:set package 'rmitbot_description' build argument 'cmake_force_configure' from command line to 'False'
[0.643s] Level 5:colcon.colcon_core.verb:set package 'rmitbot_description' build argument 'ament_cmake_args' from command line to 'None'
[0.643s] Level 5:colcon.colcon_core.verb:set package 'rmitbot_description' build argument 'catkin_cmake_args' from command line to 'None'
[0.643s] Level 5:colcon.colcon_core.verb:set package 'rmitbot_description' build argument 'catkin_skip_building_tests' from command line to 'False'
[0.643s] DEBUG:colcon.colcon_core.verb:Building package 'rmitbot_description' with the following arguments: {'ament_cmake_args': None, 'build_base': '/home/ngan/Documents/test_github/lesson5_ws_updated/build/rmitbot_description', 'catkin_cmake_args': None, 'catkin_skip_building_tests': False, 'cmake_args': None, 'cmake_clean_cache': False, 'cmake_clean_first': False, 'cmake_force_configure': False, 'cmake_target': None, 'cmake_target_skip_unavailable': False, 'install_base': '/home/ngan/Documents/test_github/lesson5_ws_updated/install/rmitbot_description', 'merge_install': False, 'path': '/home/ngan/Documents/test_github/lesson5_ws_updated/src/rmitbot_description', 'symlink_install': False, 'test_result_base': None}
[0.643s] Level 5:colcon.colcon_core.verb:set package 'rmitbot_firmware' build argument 'cmake_args' from command line to 'None'
[0.643s] Level 5:colcon.colcon_core.verb:set package 'rmitbot_firmware' build argument 'cmake_target' from command line to 'None'
[0.643s] Level 5:colcon.colcon_core.verb:set package 'rmitbot_firmware' build argument 'cmake_target_skip_unavailable' from command line to 'False'
[0.643s] Level 5:colcon.colcon_core.verb:set package 'rmitbot_firmware' build argument 'cmake_clean_cache' from command line to 'False'
[0.643s] Level 5:colcon.colcon_core.verb:set package 'rmitbot_firmware' build argument 'cmake_clean_first' from command line to 'False'
[0.643s] Level 5:colcon.colcon_core.verb:set package 'rmitbot_firmware' build argument 'cmake_force_configure' from command line to 'False'
[0.643s] Level 5:colcon.colcon_core.verb:set package 'rmitbot_firmware' build argument 'ament_cmake_args' from command line to 'None'
[0.643s] Level 5:colcon.colcon_core.verb:set package 'rmitbot_firmware' build argument 'catkin_cmake_args' from command line to 'None'
[0.643s] Level 5:colcon.colcon_core.verb:set package 'rmitbot_firmware' build argument 'catkin_skip_building_tests' from command line to 'False'
[0.643s] DEBUG:colcon.colcon_core.verb:Building package 'rmitbot_firmware' with the following arguments: {'ament_cmake_args': None, 'build_base': '/home/ngan/Documents/test_github/lesson5_ws_updated/build/rmitbot_firmware', 'catkin_cmake_args': None, 'catkin_skip_building_tests': False, 'cmake_args': None, 'cmake_clean_cache': False, 'cmake_clean_first': False, 'cmake_force_configure': False, 'cmake_target': None, 'cmake_target_skip_unavailable': False, 'install_base': '/home/ngan/Documents/test_github/lesson5_ws_updated/install/rmitbot_firmware', 'merge_install': False, 'path': '/home/ngan/Documents/test_github/lesson5_ws_updated/src/rmitbot_firmware', 'symlink_install': False, 'test_result_base': None}
[0.643s] Level 5:colcon.colcon_core.verb:set package 'rmitbot_localization' build argument 'cmake_args' from command line to 'None'
[0.643s] Level 5:colcon.colcon_core.verb:set package 'rmitbot_localization' build argument 'cmake_target' from command line to 'None'
[0.643s] Level 5:colcon.colcon_core.verb:set package 'rmitbot_localization' build argument 'cmake_target_skip_unavailable' from command line to 'False'
[0.643s] Level 5:colcon.colcon_core.verb:set package 'rmitbot_localization' build argument 'cmake_clean_cache' from command line to 'False'
[0.643s] Level 5:colcon.colcon_core.verb:set package 'rmitbot_localization' build argument 'cmake_clean_first' from command line to 'False'
[0.643s] Level 5:colcon.colcon_core.verb:set package 'rmitbot_localization' build argument 'cmake_force_configure' from command line to 'False'
[0.643s] Level 5:colcon.colcon_core.verb:set package 'rmitbot_localization' build argument 'ament_cmake_args' from command line to 'None'
[0.643s] Level 5:colcon.colcon_core.verb:set package 'rmitbot_localization' build argument 'catkin_cmake_args' from command line to 'None'
[0.643s] Level 5:colcon.colcon_core.verb:set package 'rmitbot_localization' build argument 'catkin_skip_building_tests' from command line to 'False'
[0.643s] DEBUG:colcon.colcon_core.verb:Building package 'rmitbot_localization' with the following arguments: {'ament_cmake_args': None, 'build_base': '/home/ngan/Documents/test_github/lesson5_ws_updated/build/rmitbot_localization', 'catkin_cmake_args': None, 'catkin_skip_building_tests': False, 'cmake_args': None, 'cmake_clean_cache': False, 'cmake_clean_first': False, 'cmake_force_configure': False, 'cmake_target': None, 'cmake_target_skip_unavailable': False, 'install_base': '/home/ngan/Documents/test_github/lesson5_ws_updated/install/rmitbot_localization', 'merge_install': False, 'path': '/home/ngan/Documents/test_github/lesson5_ws_updated/src/rmitbot_localization', 'symlink_install': False, 'test_result_base': None}
[0.643s] INFO:colcon.colcon_core.executor:Executing jobs using 'parallel' executor
[0.644s] DEBUG:colcon.colcon_parallel_executor.executor.parallel:run_until_complete
[0.644s] INFO:colcon.colcon_ros.task.ament_cmake.build:Building ROS package in '/home/ngan/Documents/test_github/lesson5_ws_updated/src/rmitbot_bringup' with build type 'ament_cmake'
[0.644s] INFO:colcon.colcon_cmake.task.cmake.build:Building CMake package in '/home/ngan/Documents/test_github/lesson5_ws_updated/src/rmitbot_bringup'
[0.651s] INFO:colcon.colcon_core.plugin_system:Skipping extension 'colcon_core.shell.bat': Not used on non-Windows systems
[0.651s] DEBUG:colcon.colcon_core.shell:Skip shell extension 'dsv' for command environment
[0.657s] INFO:colcon.colcon_ros.task.ament_cmake.build:Building ROS package in '/home/ngan/Documents/test_github/lesson5_ws_updated/src/rmitbot_controller' with build type 'ament_cmake'
[0.657s] INFO:colcon.colcon_cmake.task.cmake.build:Building CMake package in '/home/ngan/Documents/test_github/lesson5_ws_updated/src/rmitbot_controller'
[0.657s] DEBUG:colcon.colcon_core.shell:Skip shell extension 'dsv' for command environment
[0.660s] INFO:colcon.colcon_ros.task.ament_cmake.build:Building ROS package in '/home/ngan/Documents/test_github/lesson5_ws_updated/src/rmitbot_description' with build type 'ament_cmake'
[0.660s] INFO:colcon.colcon_cmake.task.cmake.build:Building CMake package in '/home/ngan/Documents/test_github/lesson5_ws_updated/src/rmitbot_description'
[0.660s] DEBUG:colcon.colcon_core.shell:Skip shell extension 'dsv' for command environment
[0.663s] INFO:colcon.colcon_ros.task.ament_cmake.build:Building ROS package in '/home/ngan/Documents/test_github/lesson5_ws_updated/src/rmitbot_firmware' with build type 'ament_cmake'
[0.663s] INFO:colcon.colcon_cmake.task.cmake.build:Building CMake package in '/home/ngan/Documents/test_github/lesson5_ws_updated/src/rmitbot_firmware'
[0.663s] DEBUG:colcon.colcon_core.shell:Skip shell extension 'dsv' for command environment
[0.668s] DEBUG:colcon.colcon_core.event_handler.log_command:Invoking command in '/home/ngan/Documents/test_github/lesson5_ws_updated/build/rmitbot_bringup': CMAKE_PREFIX_PATH=${CMAKE_PREFIX_PATH}:/opt/ros/jazzy DEBUGINFOD_URLS=https://debuginfod.ubuntu.com /usr/bin/cmake /home/ngan/Documents/test_github/lesson5_ws_updated/src/rmitbot_bringup -DCMAKE_INSTALL_PREFIX=/home/ngan/Documents/test_github/lesson5_ws_updated/install/rmitbot_bringup
[0.690s] DEBUG:colcon.colcon_core.event_handler.log_command:Invoking command in '/home/ngan/Documents/test_github/lesson5_ws_updated/build/rmitbot_controller': CMAKE_PREFIX_PATH=${CMAKE_PREFIX_PATH}:/opt/ros/jazzy DEBUGINFOD_URLS=https://debuginfod.ubuntu.com /usr/bin/cmake /home/ngan/Documents/test_github/lesson5_ws_updated/src/rmitbot_controller -DCMAKE_INSTALL_PREFIX=/home/ngan/Documents/test_github/lesson5_ws_updated/install/rmitbot_controller
[0.700s] DEBUG:colcon.colcon_core.event_handler.log_command:Invoking command in '/home/ngan/Documents/test_github/lesson5_ws_updated/build/rmitbot_description': CMAKE_PREFIX_PATH=${CMAKE_PREFIX_PATH}:/opt/ros/jazzy DEBUGINFOD_URLS=https://debuginfod.ubuntu.com /usr/bin/cmake /home/ngan/Documents/test_github/lesson5_ws_updated/src/rmitbot_description -DCMAKE_INSTALL_PREFIX=/home/ngan/Documents/test_github/lesson5_ws_updated/install/rmitbot_description
[0.711s] DEBUG:colcon.colcon_core.event_handler.log_command:Invoking command in '/home/ngan/Documents/test_github/lesson5_ws_updated/build/rmitbot_firmware': CMAKE_PREFIX_PATH=${CMAKE_PREFIX_PATH}:/opt/ros/jazzy DEBUGINFOD_URLS=https://debuginfod.ubuntu.com /usr/bin/cmake /home/ngan/Documents/test_github/lesson5_ws_updated/src/rmitbot_firmware -DCMAKE_INSTALL_PREFIX=/home/ngan/Documents/test_github/lesson5_ws_updated/install/rmitbot_firmware
[2.861s] DEBUG:colcon.colcon_core.event_handler.log_command:Invoked command in '/home/ngan/Documents/test_github/lesson5_ws_updated/build/rmitbot_controller' returned '0': CMAKE_PREFIX_PATH=${CMAKE_PREFIX_PATH}:/opt/ros/jazzy DEBUGINFOD_URLS=https://debuginfod.ubuntu.com /usr/bin/cmake /home/ngan/Documents/test_github/lesson5_ws_updated/src/rmitbot_controller -DCMAKE_INSTALL_PREFIX=/home/ngan/Documents/test_github/lesson5_ws_updated/install/rmitbot_controller
[2.862s] DEBUG:colcon.colcon_core.event_handler.log_command:Invoking command in '/home/ngan/Documents/test_github/lesson5_ws_updated/build/rmitbot_controller': CMAKE_PREFIX_PATH=${CMAKE_PREFIX_PATH}:/opt/ros/jazzy DEBUGINFOD_URLS=https://debuginfod.ubuntu.com /usr/bin/cmake --build /home/ngan/Documents/test_github/lesson5_ws_updated/build/rmitbot_controller -- -j4 -l4
[2.870s] DEBUG:colcon.colcon_core.event_handler.log_command:Invoked command in '/home/ngan/Documents/test_github/lesson5_ws_updated/build/rmitbot_bringup' returned '0': CMAKE_PREFIX_PATH=${CMAKE_PREFIX_PATH}:/opt/ros/jazzy DEBUGINFOD_URLS=https://debuginfod.ubuntu.com /usr/bin/cmake /home/ngan/Documents/test_github/lesson5_ws_updated/src/rmitbot_bringup -DCMAKE_INSTALL_PREFIX=/home/ngan/Documents/test_github/lesson5_ws_updated/install/rmitbot_bringup
[2.870s] DEBUG:colcon.colcon_core.event_handler.log_command:Invoking command in '/home/ngan/Documents/test_github/lesson5_ws_updated/build/rmitbot_bringup': CMAKE_PREFIX_PATH=${CMAKE_PREFIX_PATH}:/opt/ros/jazzy DEBUGINFOD_URLS=https://debuginfod.ubuntu.com /usr/bin/cmake --build /home/ngan/Documents/test_github/lesson5_ws_updated/build/rmitbot_bringup -- -j4 -l4
[3.034s] DEBUG:colcon.colcon_core.event_handler.log_command:Invoked command in '/home/ngan/Documents/test_github/lesson5_ws_updated/build/rmitbot_bringup' returned '0': CMAKE_PREFIX_PATH=${CMAKE_PREFIX_PATH}:/opt/ros/jazzy DEBUGINFOD_URLS=https://debuginfod.ubuntu.com /usr/bin/cmake --build /home/ngan/Documents/test_github/lesson5_ws_updated/build/rmitbot_bringup -- -j4 -l4
[3.060s] DEBUG:colcon.colcon_core.event_handler.log_command:Invoking command in '/home/ngan/Documents/test_github/lesson5_ws_updated/build/rmitbot_bringup': CMAKE_PREFIX_PATH=${CMAKE_PREFIX_PATH}:/opt/ros/jazzy DEBUGINFOD_URLS=https://debuginfod.ubuntu.com /usr/bin/cmake --install /home/ngan/Documents/test_github/lesson5_ws_updated/build/rmitbot_bringup
[3.066s] DEBUG:colcon.colcon_core.event_handler.log_command:Invoked command in '/home/ngan/Documents/test_github/lesson5_ws_updated/build/rmitbot_controller' returned '0': CMAKE_PREFIX_PATH=${CMAKE_PREFIX_PATH}:/opt/ros/jazzy DEBUGINFOD_URLS=https://debuginfod.ubuntu.com /usr/bin/cmake --build /home/ngan/Documents/test_github/lesson5_ws_updated/build/rmitbot_controller -- -j4 -l4
[3.066s] DEBUG:colcon.colcon_core.event_handler.log_command:Invoking command in '/home/ngan/Documents/test_github/lesson5_ws_updated/build/rmitbot_controller': CMAKE_PREFIX_PATH=${CMAKE_PREFIX_PATH}:/opt/ros/jazzy DEBUGINFOD_URLS=https://debuginfod.ubuntu.com /usr/bin/cmake --install /home/ngan/Documents/test_github/lesson5_ws_updated/build/rmitbot_controller
[3.126s] Level 1:colcon.colcon_core.environment:create_environment_scripts_only(rmitbot_bringup)
[3.128s] DEBUG:colcon.colcon_core.event_handler.log_command:Invoked command in '/home/ngan/Documents/test_github/lesson5_ws_updated/build/rmitbot_bringup' returned '0': CMAKE_PREFIX_PATH=${CMAKE_PREFIX_PATH}:/opt/ros/jazzy DEBUGINFOD_URLS=https://debuginfod.ubuntu.com /usr/bin/cmake --install /home/ngan/Documents/test_github/lesson5_ws_updated/build/rmitbot_bringup
[3.149s] Level 1:colcon.colcon_core.environment:checking '/home/ngan/Documents/test_github/lesson5_ws_updated/install/rmitbot_bringup' for CMake module files
[3.150s] Level 1:colcon.colcon_core.environment:checking '/home/ngan/Documents/test_github/lesson5_ws_updated/install/rmitbot_bringup' for CMake config files
[3.150s] Level 1:colcon.colcon_core.shell:create_environment_hook('rmitbot_bringup', 'cmake_prefix_path')
[3.150s] INFO:colcon.colcon_core.shell:Creating environment descriptor '/home/ngan/Documents/test_github/lesson5_ws_updated/install/rmitbot_bringup/share/rmitbot_bringup/hook/cmake_prefix_path.dsv'
[3.153s] INFO:colcon.colcon_core.shell:Creating environment hook '/home/ngan/Documents/test_github/lesson5_ws_updated/install/rmitbot_bringup/share/rmitbot_bringup/hook/cmake_prefix_path.sh'
[3.156s] Level 1:colcon.colcon_core.environment:checking '/home/ngan/Documents/test_github/lesson5_ws_updated/install/rmitbot_bringup/bin'
[3.156s] Level 1:colcon.colcon_core.environment:checking '/home/ngan/Documents/test_github/lesson5_ws_updated/install/rmitbot_bringup/lib/pkgconfig/rmitbot_bringup.pc'
[3.161s] Level 1:colcon.colcon_core.environment:checking '/home/ngan/Documents/test_github/lesson5_ws_updated/install/rmitbot_bringup/lib/python3.12/site-packages'
[3.161s] Level 1:colcon.colcon_core.environment:checking '/home/ngan/Documents/test_github/lesson5_ws_updated/install/rmitbot_bringup/bin'
[3.162s] INFO:colcon.colcon_core.shell:Creating package descriptor '/home/ngan/Documents/test_github/lesson5_ws_updated/install/rmitbot_bringup/share/rmitbot_bringup/package.dsv'
[3.163s] INFO:colcon.colcon_core.shell:Creating package script '/home/ngan/Documents/test_github/lesson5_ws_updated/install/rmitbot_bringup/share/rmitbot_bringup/package.sh'
[3.165s] INFO:colcon.colcon_core.shell:Creating package script '/home/ngan/Documents/test_github/lesson5_ws_updated/install/rmitbot_bringup/share/rmitbot_bringup/package.bash'
[3.167s] INFO:colcon.colcon_core.shell:Creating package script '/home/ngan/Documents/test_github/lesson5_ws_updated/install/rmitbot_bringup/share/rmitbot_bringup/package.zsh'
[3.169s] Level 1:colcon.colcon_core.environment:create_file_with_runtime_dependencies(/home/ngan/Documents/test_github/lesson5_ws_updated/install/rmitbot_bringup/share/colcon-core/packages/rmitbot_bringup)
[3.169s] Level 1:colcon.colcon_core.environment:create_environment_scripts_only(rmitbot_bringup)
[3.169s] Level 1:colcon.colcon_core.environment:checking '/home/ngan/Documents/test_github/lesson5_ws_updated/install/rmitbot_bringup' for CMake module files
[3.170s] Level 1:colcon.colcon_core.environment:checking '/home/ngan/Documents/test_github/lesson5_ws_updated/install/rmitbot_bringup' for CMake config files
[3.170s] Level 1:colcon.colcon_core.shell:create_environment_hook('rmitbot_bringup', 'cmake_prefix_path')
[3.170s] INFO:colcon.colcon_core.shell:Creating environment descriptor '/home/ngan/Documents/test_github/lesson5_ws_updated/install/rmitbot_bringup/share/rmitbot_bringup/hook/cmake_prefix_path.dsv'
[3.170s] INFO:colcon.colcon_core.shell:Creating environment hook '/home/ngan/Documents/test_github/lesson5_ws_updated/install/rmitbot_bringup/share/rmitbot_bringup/hook/cmake_prefix_path.sh'
[3.171s] Level 1:colcon.colcon_core.environment:checking '/home/ngan/Documents/test_github/lesson5_ws_updated/install/rmitbot_bringup/bin'
[3.171s] Level 1:colcon.colcon_core.environment:checking '/home/ngan/Documents/test_github/lesson5_ws_updated/install/rmitbot_bringup/lib/pkgconfig/rmitbot_bringup.pc'
[3.171s] Level 1:colcon.colcon_core.environment:checking '/home/ngan/Documents/test_github/lesson5_ws_updated/install/rmitbot_bringup/lib/python3.12/site-packages'
[3.171s] Level 1:colcon.colcon_core.environment:checking '/home/ngan/Documents/test_github/lesson5_ws_updated/install/rmitbot_bringup/bin'
[3.171s] INFO:colcon.colcon_core.shell:Creating package descriptor '/home/ngan/Documents/test_github/lesson5_ws_updated/install/rmitbot_bringup/share/rmitbot_bringup/package.dsv'
[3.172s] INFO:colcon.colcon_core.shell:Creating package script '/home/ngan/Documents/test_github/lesson5_ws_updated/install/rmitbot_bringup/share/rmitbot_bringup/package.sh'
[3.172s] INFO:colcon.colcon_core.shell:Creating package script '/home/ngan/Documents/test_github/lesson5_ws_updated/install/rmitbot_bringup/share/rmitbot_bringup/package.bash'
[3.172s] INFO:colcon.colcon_core.shell:Creating package script '/home/ngan/Documents/test_github/lesson5_ws_updated/install/rmitbot_bringup/share/rmitbot_bringup/package.zsh'
[3.173s] Level 1:colcon.colcon_core.environment:create_file_with_runtime_dependencies(/home/ngan/Documents/test_github/lesson5_ws_updated/install/rmitbot_bringup/share/colcon-core/packages/rmitbot_bringup)
[3.173s] INFO:colcon.colcon_ros.task.ament_cmake.build:Building ROS package in '/home/ngan/Documents/test_github/lesson5_ws_updated/src/rmitbot_localization' with build type 'ament_cmake'
[3.173s] INFO:colcon.colcon_cmake.task.cmake.build:Building CMake package in '/home/ngan/Documents/test_github/lesson5_ws_updated/src/rmitbot_localization'
[3.174s] DEBUG:colcon.colcon_core.shell:Skip shell extension 'dsv' for command environment
[3.179s] Level 1:colcon.colcon_core.environment:create_environment_scripts_only(rmitbot_controller)
[3.180s] DEBUG:colcon.colcon_core.event_handler.log_command:Invoked command in '/home/ngan/Documents/test_github/lesson5_ws_updated/build/rmitbot_controller' returned '0': CMAKE_PREFIX_PATH=${CMAKE_PREFIX_PATH}:/opt/ros/jazzy DEBUGINFOD_URLS=https://debuginfod.ubuntu.com /usr/bin/cmake --install /home/ngan/Documents/test_github/lesson5_ws_updated/build/rmitbot_controller
[3.180s] Level 1:colcon.colcon_core.environment:checking '/home/ngan/Documents/test_github/lesson5_ws_updated/install/rmitbot_controller' for CMake module files
[3.182s] Level 1:colcon.colcon_core.environment:checking '/home/ngan/Documents/test_github/lesson5_ws_updated/install/rmitbot_controller' for CMake config files
[3.182s] Level 1:colcon.colcon_core.shell:create_environment_hook('rmitbot_controller', 'cmake_prefix_path')
[3.182s] INFO:colcon.colcon_core.shell:Creating environment descriptor '/home/ngan/Documents/test_github/lesson5_ws_updated/install/rmitbot_controller/share/rmitbot_controller/hook/cmake_prefix_path.dsv'
[3.183s] INFO:colcon.colcon_core.shell:Creating environment hook '/home/ngan/Documents/test_github/lesson5_ws_updated/install/rmitbot_controller/share/rmitbot_controller/hook/cmake_prefix_path.sh'
[3.183s] Level 1:colcon.colcon_core.environment:checking '/home/ngan/Documents/test_github/lesson5_ws_updated/install/rmitbot_controller/bin'
[3.183s] Level 1:colcon.colcon_core.environment:checking '/home/ngan/Documents/test_github/lesson5_ws_updated/install/rmitbot_controller/lib/pkgconfig/rmitbot_controller.pc'
[3.183s] Level 1:colcon.colcon_core.environment:checking '/home/ngan/Documents/test_github/lesson5_ws_updated/install/rmitbot_controller/lib/python3.12/site-packages'
[3.183s] Level 1:colcon.colcon_core.environment:checking '/home/ngan/Documents/test_github/lesson5_ws_updated/install/rmitbot_controller/bin'
[3.183s] INFO:colcon.colcon_core.shell:Creating package descriptor '/home/ngan/Documents/test_github/lesson5_ws_updated/install/rmitbot_controller/share/rmitbot_controller/package.dsv'
[3.184s] INFO:colcon.colcon_core.shell:Creating package script '/home/ngan/Documents/test_github/lesson5_ws_updated/install/rmitbot_controller/share/rmitbot_controller/package.sh'
[3.184s] INFO:colcon.colcon_core.shell:Creating package script '/home/ngan/Documents/test_github/lesson5_ws_updated/install/rmitbot_controller/share/rmitbot_controller/package.bash'
[3.184s] INFO:colcon.colcon_core.shell:Creating package script '/home/ngan/Documents/test_github/lesson5_ws_updated/install/rmitbot_controller/share/rmitbot_controller/package.zsh'
[3.185s] Level 1:colcon.colcon_core.environment:create_file_with_runtime_dependencies(/home/ngan/Documents/test_github/lesson5_ws_updated/install/rmitbot_controller/share/colcon-core/packages/rmitbot_controller)
[3.185s] Level 1:colcon.colcon_core.environment:create_environment_scripts_only(rmitbot_controller)
[3.185s] Level 1:colcon.colcon_core.environment:checking '/home/ngan/Documents/test_github/lesson5_ws_updated/install/rmitbot_controller' for CMake module files
[3.186s] Level 1:colcon.colcon_core.environment:checking '/home/ngan/Documents/test_github/lesson5_ws_updated/install/rmitbot_controller' for CMake config files
[3.186s] Level 1:colcon.colcon_core.shell:create_environment_hook('rmitbot_controller', 'cmake_prefix_path')
[3.186s] INFO:colcon.colcon_core.shell:Creating environment descriptor '/home/ngan/Documents/test_github/lesson5_ws_updated/install/rmitbot_controller/share/rmitbot_controller/hook/cmake_prefix_path.dsv'
[3.186s] INFO:colcon.colcon_core.shell:Creating environment hook '/home/ngan/Documents/test_github/lesson5_ws_updated/install/rmitbot_controller/share/rmitbot_controller/hook/cmake_prefix_path.sh'
[3.188s] Level 1:colcon.colcon_core.environment:checking '/home/ngan/Documents/test_github/lesson5_ws_updated/install/rmitbot_controller/bin'
[3.188s] Level 1:colcon.colcon_core.environment:checking '/home/ngan/Documents/test_github/lesson5_ws_updated/install/rmitbot_controller/lib/pkgconfig/rmitbot_controller.pc'
[3.188s] Level 1:colcon.colcon_core.environment:checking '/home/ngan/Documents/test_github/lesson5_ws_updated/install/rmitbot_controller/lib/python3.12/site-packages'
[3.188s] Level 1:colcon.colcon_core.environment:checking '/home/ngan/Documents/test_github/lesson5_ws_updated/install/rmitbot_controller/bin'
[3.189s] INFO:colcon.colcon_core.shell:Creating package descriptor '/home/ngan/Documents/test_github/lesson5_ws_updated/install/rmitbot_controller/share/rmitbot_controller/package.dsv'
[3.189s] INFO:colcon.colcon_core.shell:Creating package script '/home/ngan/Documents/test_github/lesson5_ws_updated/install/rmitbot_controller/share/rmitbot_controller/package.sh'
[3.189s] INFO:colcon.colcon_core.shell:Creating package script '/home/ngan/Documents/test_github/lesson5_ws_updated/install/rmitbot_controller/share/rmitbot_controller/package.bash'
[3.190s] INFO:colcon.colcon_core.shell:Creating package script '/home/ngan/Documents/test_github/lesson5_ws_updated/install/rmitbot_controller/share/rmitbot_controller/package.zsh'
[3.190s] Level 1:colcon.colcon_core.environment:create_file_with_runtime_dependencies(/home/ngan/Documents/test_github/lesson5_ws_updated/install/rmitbot_controller/share/colcon-core/packages/rmitbot_controller)
[3.195s] DEBUG:colcon.colcon_core.event_handler.log_command:Invoking command in '/home/ngan/Documents/test_github/lesson5_ws_updated/build/rmitbot_localization': CMAKE_PREFIX_PATH=${CMAKE_PREFIX_PATH}:/opt/ros/jazzy DEBUGINFOD_URLS=https://debuginfod.ubuntu.com /usr/bin/cmake /home/ngan/Documents/test_github/lesson5_ws_updated/src/rmitbot_localization -DCMAKE_INSTALL_PREFIX=/home/ngan/Documents/test_github/lesson5_ws_updated/install/rmitbot_localization
[3.422s] DEBUG:colcon.colcon_core.event_handler.log_command:Invoked command in '/home/ngan/Documents/test_github/lesson5_ws_updated/build/rmitbot_description' returned '0': CMAKE_PREFIX_PATH=${CMAKE_PREFIX_PATH}:/opt/ros/jazzy DEBUGINFOD_URLS=https://debuginfod.ubuntu.com /usr/bin/cmake /home/ngan/Documents/test_github/lesson5_ws_updated/src/rmitbot_description -DCMAKE_INSTALL_PREFIX=/home/ngan/Documents/test_github/lesson5_ws_updated/install/rmitbot_description
[3.422s] DEBUG:colcon.colcon_core.event_handler.log_command:Invoking command in '/home/ngan/Documents/test_github/lesson5_ws_updated/build/rmitbot_description': CMAKE_PREFIX_PATH=${CMAKE_PREFIX_PATH}:/opt/ros/jazzy DEBUGINFOD_URLS=https://debuginfod.ubuntu.com /usr/bin/cmake --build /home/ngan/Documents/test_github/lesson5_ws_updated/build/rmitbot_description -- -j4 -l4
[3.474s] DEBUG:colcon.colcon_core.event_handler.log_command:Invoked command in '/home/ngan/Documents/test_github/lesson5_ws_updated/build/rmitbot_description' returned '0': CMAKE_PREFIX_PATH=${CMAKE_PREFIX_PATH}:/opt/ros/jazzy DEBUGINFOD_URLS=https://debuginfod.ubuntu.com /usr/bin/cmake --build /home/ngan/Documents/test_github/lesson5_ws_updated/build/rmitbot_description -- -j4 -l4
[3.475s] DEBUG:colcon.colcon_core.event_handler.log_command:Invoking command in '/home/ngan/Documents/test_github/lesson5_ws_updated/build/rmitbot_description': CMAKE_PREFIX_PATH=${CMAKE_PREFIX_PATH}:/opt/ros/jazzy DEBUGINFOD_URLS=https://debuginfod.ubuntu.com /usr/bin/cmake --install /home/ngan/Documents/test_github/lesson5_ws_updated/build/rmitbot_description
[3.635s] Level 1:colcon.colcon_core.environment:create_environment_scripts_only(rmitbot_description)
[3.636s] Level 1:colcon.colcon_core.environment:checking '/home/ngan/Documents/test_github/lesson5_ws_updated/install/rmitbot_description' for CMake module files
[3.637s] Level 1:colcon.colcon_core.environment:checking '/home/ngan/Documents/test_github/lesson5_ws_updated/install/rmitbot_description' for CMake config files
[3.637s] Level 1:colcon.colcon_core.shell:create_environment_hook('rmitbot_description', 'cmake_prefix_path')
[3.637s] INFO:colcon.colcon_core.shell:Creating environment descriptor '/home/ngan/Documents/test_github/lesson5_ws_updated/install/rmitbot_description/share/rmitbot_description/hook/cmake_prefix_path.dsv'
[3.637s] INFO:colcon.colcon_core.shell:Creating environment hook '/home/ngan/Documents/test_github/lesson5_ws_updated/install/rmitbot_description/share/rmitbot_description/hook/cmake_prefix_path.sh'
[3.638s] Level 1:colcon.colcon_core.environment:checking '/home/ngan/Documents/test_github/lesson5_ws_updated/install/rmitbot_description/bin'
[3.638s] Level 1:colcon.colcon_core.environment:checking '/home/ngan/Documents/test_github/lesson5_ws_updated/install/rmitbot_description/lib/pkgconfig/rmitbot_description.pc'
[3.640s] Level 1:colcon.colcon_core.environment:checking '/home/ngan/Documents/test_github/lesson5_ws_updated/install/rmitbot_description/lib/python3.12/site-packages'
[3.640s] DEBUG:colcon.colcon_core.event_handler.log_command:Invoked command in '/home/ngan/Documents/test_github/lesson5_ws_updated/build/rmitbot_description' returned '0': CMAKE_PREFIX_PATH=${CMAKE_PREFIX_PATH}:/opt/ros/jazzy DEBUGINFOD_URLS=https://debuginfod.ubuntu.com /usr/bin/cmake --install /home/ngan/Documents/test_github/lesson5_ws_updated/build/rmitbot_description
[3.640s] Level 1:colcon.colcon_core.environment:checking '/home/ngan/Documents/test_github/lesson5_ws_updated/install/rmitbot_description/bin'
[3.641s] INFO:colcon.colcon_core.shell:Creating package descriptor '/home/ngan/Documents/test_github/lesson5_ws_updated/install/rmitbot_description/share/rmitbot_description/package.dsv'
[3.641s] INFO:colcon.colcon_core.shell:Creating package script '/home/ngan/Documents/test_github/lesson5_ws_updated/install/rmitbot_description/share/rmitbot_description/package.sh'
[3.641s] INFO:colcon.colcon_core.shell:Creating package script '/home/ngan/Documents/test_github/lesson5_ws_updated/install/rmitbot_description/share/rmitbot_description/package.bash'
[3.642s] INFO:colcon.colcon_core.shell:Creating package script '/home/ngan/Documents/test_github/lesson5_ws_updated/install/rmitbot_description/share/rmitbot_description/package.zsh'
[3.642s] Level 1:colcon.colcon_core.environment:create_file_with_runtime_dependencies(/home/ngan/Documents/test_github/lesson5_ws_updated/install/rmitbot_description/share/colcon-core/packages/rmitbot_description)
[3.643s] Level 1:colcon.colcon_core.environment:create_environment_scripts_only(rmitbot_description)
[3.644s] Level 1:colcon.colcon_core.environment:checking '/home/ngan/Documents/test_github/lesson5_ws_updated/install/rmitbot_description' for CMake module files
[3.644s] Level 1:colcon.colcon_core.environment:checking '/home/ngan/Documents/test_github/lesson5_ws_updated/install/rmitbot_description' for CMake config files
[3.644s] Level 1:colcon.colcon_core.shell:create_environment_hook('rmitbot_description', 'cmake_prefix_path')
[3.644s] INFO:colcon.colcon_core.shell:Creating environment descriptor '/home/ngan/Documents/test_github/lesson5_ws_updated/install/rmitbot_description/share/rmitbot_description/hook/cmake_prefix_path.dsv'
[3.645s] INFO:colcon.colcon_core.shell:Creating environment hook '/home/ngan/Documents/test_github/lesson5_ws_updated/install/rmitbot_description/share/rmitbot_description/hook/cmake_prefix_path.sh'
[3.646s] Level 1:colcon.colcon_core.environment:checking '/home/ngan/Documents/test_github/lesson5_ws_updated/install/rmitbot_description/bin'
[3.646s] Level 1:colcon.colcon_core.environment:checking '/home/ngan/Documents/test_github/lesson5_ws_updated/install/rmitbot_description/lib/pkgconfig/rmitbot_description.pc'
[3.647s] Level 1:colcon.colcon_core.environment:checking '/home/ngan/Documents/test_github/lesson5_ws_updated/install/rmitbot_description/lib/python3.12/site-packages'
[3.647s] Level 1:colcon.colcon_core.environment:checking '/home/ngan/Documents/test_github/lesson5_ws_updated/install/rmitbot_description/bin'
[3.647s] INFO:colcon.colcon_core.shell:Creating package descriptor '/home/ngan/Documents/test_github/lesson5_ws_updated/install/rmitbot_description/share/rmitbot_description/package.dsv'
[3.651s] INFO:colcon.colcon_core.shell:Creating package script '/home/ngan/Documents/test_github/lesson5_ws_updated/install/rmitbot_description/share/rmitbot_description/package.sh'
[3.651s] INFO:colcon.colcon_core.shell:Creating package script '/home/ngan/Documents/test_github/lesson5_ws_updated/install/rmitbot_description/share/rmitbot_description/package.bash'
[3.652s] INFO:colcon.colcon_core.shell:Creating package script '/home/ngan/Documents/test_github/lesson5_ws_updated/install/rmitbot_description/share/rmitbot_description/package.zsh'
[3.652s] Level 1:colcon.colcon_core.environment:create_file_with_runtime_dependencies(/home/ngan/Documents/test_github/lesson5_ws_updated/install/rmitbot_description/share/colcon-core/packages/rmitbot_description)
[4.676s] DEBUG:colcon.colcon_core.event_handler.log_command:Invoked command in '/home/ngan/Documents/test_github/lesson5_ws_updated/build/rmitbot_localization' returned '0': CMAKE_PREFIX_PATH=${CMAKE_PREFIX_PATH}:/opt/ros/jazzy DEBUGINFOD_URLS=https://debuginfod.ubuntu.com /usr/bin/cmake /home/ngan/Documents/test_github/lesson5_ws_updated/src/rmitbot_localization -DCMAKE_INSTALL_PREFIX=/home/ngan/Documents/test_github/lesson5_ws_updated/install/rmitbot_localization
[4.680s] DEBUG:colcon.colcon_core.event_handler.log_command:Invoking command in '/home/ngan/Documents/test_github/lesson5_ws_updated/build/rmitbot_localization': CMAKE_PREFIX_PATH=${CMAKE_PREFIX_PATH}:/opt/ros/jazzy DEBUGINFOD_URLS=https://debuginfod.ubuntu.com /usr/bin/cmake --build /home/ngan/Documents/test_github/lesson5_ws_updated/build/rmitbot_localization -- -j4 -l4
[4.737s] DEBUG:colcon.colcon_core.event_handler.log_command:Invoked command in '/home/ngan/Documents/test_github/lesson5_ws_updated/build/rmitbot_localization' returned '0': CMAKE_PREFIX_PATH=${CMAKE_PREFIX_PATH}:/opt/ros/jazzy DEBUGINFOD_URLS=https://debuginfod.ubuntu.com /usr/bin/cmake --build /home/ngan/Documents/test_github/lesson5_ws_updated/build/rmitbot_localization -- -j4 -l4
[4.740s] DEBUG:colcon.colcon_core.event_handler.log_command:Invoking command in '/home/ngan/Documents/test_github/lesson5_ws_updated/build/rmitbot_localization': CMAKE_PREFIX_PATH=${CMAKE_PREFIX_PATH}:/opt/ros/jazzy DEBUGINFOD_URLS=https://debuginfod.ubuntu.com /usr/bin/cmake --install /home/ngan/Documents/test_github/lesson5_ws_updated/build/rmitbot_localization
[4.764s] Level 1:colcon.colcon_core.environment:create_environment_scripts_only(rmitbot_localization)
[4.765s] Level 1:colcon.colcon_core.environment:checking '/home/ngan/Documents/test_github/lesson5_ws_updated/install/rmitbot_localization' for CMake module files
[4.766s] Level 1:colcon.colcon_core.environment:checking '/home/ngan/Documents/test_github/lesson5_ws_updated/install/rmitbot_localization' for CMake config files
[4.766s] Level 1:colcon.colcon_core.shell:create_environment_hook('rmitbot_localization', 'cmake_prefix_path')
[4.766s] INFO:colcon.colcon_core.shell:Creating environment descriptor '/home/ngan/Documents/test_github/lesson5_ws_updated/install/rmitbot_localization/share/rmitbot_localization/hook/cmake_prefix_path.dsv'
[4.767s] DEBUG:colcon.colcon_core.event_handler.log_command:Invoked command in '/home/ngan/Documents/test_github/lesson5_ws_updated/build/rmitbot_localization' returned '0': CMAKE_PREFIX_PATH=${CMAKE_PREFIX_PATH}:/opt/ros/jazzy DEBUGINFOD_URLS=https://debuginfod.ubuntu.com /usr/bin/cmake --install /home/ngan/Documents/test_github/lesson5_ws_updated/build/rmitbot_localization
[4.768s] INFO:colcon.colcon_core.shell:Creating environment hook '/home/ngan/Documents/test_github/lesson5_ws_updated/install/rmitbot_localization/share/rmitbot_localization/hook/cmake_prefix_path.sh'
[4.769s] Level 1:colcon.colcon_core.environment:checking '/home/ngan/Documents/test_github/lesson5_ws_updated/install/rmitbot_localization/bin'
[4.769s] Level 1:colcon.colcon_core.environment:checking '/home/ngan/Documents/test_github/lesson5_ws_updated/install/rmitbot_localization/lib/pkgconfig/rmitbot_localization.pc'
[4.769s] Level 1:colcon.colcon_core.environment:checking '/home/ngan/Documents/test_github/lesson5_ws_updated/install/rmitbot_localization/lib/python3.12/site-packages'
[4.769s] Level 1:colcon.colcon_core.environment:checking '/home/ngan/Documents/test_github/lesson5_ws_updated/install/rmitbot_localization/bin'
[4.770s] INFO:colcon.colcon_core.shell:Creating package descriptor '/home/ngan/Documents/test_github/lesson5_ws_updated/install/rmitbot_localization/share/rmitbot_localization/package.dsv'
[4.770s] INFO:colcon.colcon_core.shell:Creating package script '/home/ngan/Documents/test_github/lesson5_ws_updated/install/rmitbot_localization/share/rmitbot_localization/package.sh'
[4.771s] INFO:colcon.colcon_core.shell:Creating package script '/home/ngan/Documents/test_github/lesson5_ws_updated/install/rmitbot_localization/share/rmitbot_localization/package.bash'
[4.771s] INFO:colcon.colcon_core.shell:Creating package script '/home/ngan/Documents/test_github/lesson5_ws_updated/install/rmitbot_localization/share/rmitbot_localization/package.zsh'
[4.772s] Level 1:colcon.colcon_core.environment:create_file_with_runtime_dependencies(/home/ngan/Documents/test_github/lesson5_ws_updated/install/rmitbot_localization/share/colcon-core/packages/rmitbot_localization)
[4.772s] Level 1:colcon.colcon_core.environment:create_environment_scripts_only(rmitbot_localization)
[4.772s] Level 1:colcon.colcon_core.environment:checking '/home/ngan/Documents/test_github/lesson5_ws_updated/install/rmitbot_localization' for CMake module files
[4.773s] Level 1:colcon.colcon_core.environment:checking '/home/ngan/Documents/test_github/lesson5_ws_updated/install/rmitbot_localization' for CMake config files
[4.773s] Level 1:colcon.colcon_core.shell:create_environment_hook('rmitbot_localization', 'cmake_prefix_path')
[4.773s] INFO:colcon.colcon_core.shell:Creating environment descriptor '/home/ngan/Documents/test_github/lesson5_ws_updated/install/rmitbot_localization/share/rmitbot_localization/hook/cmake_prefix_path.dsv'
[4.773s] INFO:colcon.colcon_core.shell:Creating environment hook '/home/ngan/Documents/test_github/lesson5_ws_updated/install/rmitbot_localization/share/rmitbot_localization/hook/cmake_prefix_path.sh'
[4.774s] Level 1:colcon.colcon_core.environment:checking '/home/ngan/Documents/test_github/lesson5_ws_updated/install/rmitbot_localization/bin'
[4.774s] Level 1:colcon.colcon_core.environment:checking '/home/ngan/Documents/test_github/lesson5_ws_updated/install/rmitbot_localization/lib/pkgconfig/rmitbot_localization.pc'
[4.774s] Level 1:colcon.colcon_core.environment:checking '/home/ngan/Documents/test_github/lesson5_ws_updated/install/rmitbot_localization/lib/python3.12/site-packages'
[4.775s] Level 1:colcon.colcon_core.environment:checking '/home/ngan/Documents/test_github/lesson5_ws_updated/install/rmitbot_localization/bin'
[4.775s] INFO:colcon.colcon_core.shell:Creating package descriptor '/home/ngan/Documents/test_github/lesson5_ws_updated/install/rmitbot_localization/share/rmitbot_localization/package.dsv'
[4.775s] INFO:colcon.colcon_core.shell:Creating package script '/home/ngan/Documents/test_github/lesson5_ws_updated/install/rmitbot_localization/share/rmitbot_localization/package.sh'
[4.776s] INFO:colcon.colcon_core.shell:Creating package script '/home/ngan/Documents/test_github/lesson5_ws_updated/install/rmitbot_localization/share/rmitbot_localization/package.bash'
[4.776s] INFO:colcon.colcon_core.shell:Creating package script '/home/ngan/Documents/test_github/lesson5_ws_updated/install/rmitbot_localization/share/rmitbot_localization/package.zsh'
[4.776s] Level 1:colcon.colcon_core.environment:create_file_with_runtime_dependencies(/home/ngan/Documents/test_github/lesson5_ws_updated/install/rmitbot_localization/share/colcon-core/packages/rmitbot_localization)
[5.041s] DEBUG:colcon.colcon_core.event_handler.log_command:Invoked command in '/home/ngan/Documents/test_github/lesson5_ws_updated/build/rmitbot_firmware' returned '0': CMAKE_PREFIX_PATH=${CMAKE_PREFIX_PATH}:/opt/ros/jazzy DEBUGINFOD_URLS=https://debuginfod.ubuntu.com /usr/bin/cmake /home/ngan/Documents/test_github/lesson5_ws_updated/src/rmitbot_firmware -DCMAKE_INSTALL_PREFIX=/home/ngan/Documents/test_github/lesson5_ws_updated/install/rmitbot_firmware
[5.042s] DEBUG:colcon.colcon_core.event_handler.log_command:Invoking command in '/home/ngan/Documents/test_github/lesson5_ws_updated/build/rmitbot_firmware': CMAKE_PREFIX_PATH=${CMAKE_PREFIX_PATH}:/opt/ros/jazzy DEBUGINFOD_URLS=https://debuginfod.ubuntu.com /usr/bin/cmake --build /home/ngan/Documents/test_github/lesson5_ws_updated/build/rmitbot_firmware -- -j4 -l4
[17.298s] DEBUG:colcon.colcon_core.event_handler.log_command:Invoked command in '/home/ngan/Documents/test_github/lesson5_ws_updated/build/rmitbot_firmware' returned '0': CMAKE_PREFIX_PATH=${CMAKE_PREFIX_PATH}:/opt/ros/jazzy DEBUGINFOD_URLS=https://debuginfod.ubuntu.com /usr/bin/cmake --build /home/ngan/Documents/test_github/lesson5_ws_updated/build/rmitbot_firmware -- -j4 -l4
[17.315s] DEBUG:colcon.colcon_core.event_handler.log_command:Invoking command in '/home/ngan/Documents/test_github/lesson5_ws_updated/build/rmitbot_firmware': CMAKE_PREFIX_PATH=${CMAKE_PREFIX_PATH}:/opt/ros/jazzy DEBUGINFOD_URLS=https://debuginfod.ubuntu.com /usr/bin/cmake --install /home/ngan/Documents/test_github/lesson5_ws_updated/build/rmitbot_firmware
[17.381s] Level 1:colcon.colcon_core.environment:create_environment_scripts_only(rmitbot_firmware)
[17.383s] Level 1:colcon.colcon_core.environment:checking '/home/ngan/Documents/test_github/lesson5_ws_updated/install/rmitbot_firmware' for CMake module files
[17.384s] Level 1:colcon.colcon_core.environment:checking '/home/ngan/Documents/test_github/lesson5_ws_updated/install/rmitbot_firmware' for CMake config files
[17.385s] Level 1:colcon.colcon_core.shell:create_environment_hook('rmitbot_firmware', 'cmake_prefix_path')
[17.385s] INFO:colcon.colcon_core.shell:Creating environment descriptor '/home/ngan/Documents/test_github/lesson5_ws_updated/install/rmitbot_firmware/share/rmitbot_firmware/hook/cmake_prefix_path.dsv'
[17.387s] INFO:colcon.colcon_core.shell:Creating environment hook '/home/ngan/Documents/test_github/lesson5_ws_updated/install/rmitbot_firmware/share/rmitbot_firmware/hook/cmake_prefix_path.sh'
[17.391s] DEBUG:colcon.colcon_core.event_handler.log_command:Invoked command in '/home/ngan/Documents/test_github/lesson5_ws_updated/build/rmitbot_firmware' returned '0': CMAKE_PREFIX_PATH=${CMAKE_PREFIX_PATH}:/opt/ros/jazzy DEBUGINFOD_URLS=https://debuginfod.ubuntu.com /usr/bin/cmake --install /home/ngan/Documents/test_github/lesson5_ws_updated/build/rmitbot_firmware
[17.391s] Level 1:colcon.colcon_core.environment:checking '/home/ngan/Documents/test_github/lesson5_ws_updated/install/rmitbot_firmware/lib'
[17.391s] Level 1:colcon.colcon_core.shell:create_environment_hook('rmitbot_firmware', 'ld_library_path_lib')
[17.392s] INFO:colcon.colcon_core.shell:Creating environment descriptor '/home/ngan/Documents/test_github/lesson5_ws_updated/install/rmitbot_firmware/share/rmitbot_firmware/hook/ld_library_path_lib.dsv'
[17.393s] INFO:colcon.colcon_core.shell:Creating environment hook '/home/ngan/Documents/test_github/lesson5_ws_updated/install/rmitbot_firmware/share/rmitbot_firmware/hook/ld_library_path_lib.sh'
[17.394s] Level 1:colcon.colcon_core.environment:checking '/home/ngan/Documents/test_github/lesson5_ws_updated/install/rmitbot_firmware/bin'
[17.396s] Level 1:colcon.colcon_core.environment:checking '/home/ngan/Documents/test_github/lesson5_ws_updated/install/rmitbot_firmware/lib/pkgconfig/rmitbot_firmware.pc'
[17.397s] Level 1:colcon.colcon_core.environment:checking '/home/ngan/Documents/test_github/lesson5_ws_updated/install/rmitbot_firmware/lib/python3.12/site-packages'
[17.398s] Level 1:colcon.colcon_core.environment:checking '/home/ngan/Documents/test_github/lesson5_ws_updated/install/rmitbot_firmware/bin'
[17.399s] INFO:colcon.colcon_core.shell:Creating package descriptor '/home/ngan/Documents/test_github/lesson5_ws_updated/install/rmitbot_firmware/share/rmitbot_firmware/package.dsv'
[17.407s] INFO:colcon.colcon_core.shell:Creating package script '/home/ngan/Documents/test_github/lesson5_ws_updated/install/rmitbot_firmware/share/rmitbot_firmware/package.sh'
[17.408s] INFO:colcon.colcon_core.shell:Creating package script '/home/ngan/Documents/test_github/lesson5_ws_updated/install/rmitbot_firmware/share/rmitbot_firmware/package.bash'
[17.409s] INFO:colcon.colcon_core.shell:Creating package script '/home/ngan/Documents/test_github/lesson5_ws_updated/install/rmitbot_firmware/share/rmitbot_firmware/package.zsh'
[17.413s] Level 1:colcon.colcon_core.environment:create_file_with_runtime_dependencies(/home/ngan/Documents/test_github/lesson5_ws_updated/install/rmitbot_firmware/share/colcon-core/packages/rmitbot_firmware)
[17.420s] Level 1:colcon.colcon_core.environment:create_environment_scripts_only(rmitbot_firmware)
[17.420s] Level 1:colcon.colcon_core.environment:checking '/home/ngan/Documents/test_github/lesson5_ws_updated/install/rmitbot_firmware' for CMake module files
[17.424s] Level 1:colcon.colcon_core.environment:checking '/home/ngan/Documents/test_github/lesson5_ws_updated/install/rmitbot_firmware' for CMake config files
[17.425s] Level 1:colcon.colcon_core.shell:create_environment_hook('rmitbot_firmware', 'cmake_prefix_path')
[17.425s] INFO:colcon.colcon_core.shell:Creating environment descriptor '/home/ngan/Documents/test_github/lesson5_ws_updated/install/rmitbot_firmware/share/rmitbot_firmware/hook/cmake_prefix_path.dsv'
[17.426s] INFO:colcon.colcon_core.shell:Creating environment hook '/home/ngan/Documents/test_github/lesson5_ws_updated/install/rmitbot_firmware/share/rmitbot_firmware/hook/cmake_prefix_path.sh'
[17.430s] Level 1:colcon.colcon_core.environment:checking '/home/ngan/Documents/test_github/lesson5_ws_updated/install/rmitbot_firmware/lib'
[17.431s] Level 1:colcon.colcon_core.shell:create_environment_hook('rmitbot_firmware', 'ld_library_path_lib')
[17.437s] INFO:colcon.colcon_core.shell:Creating environment descriptor '/home/ngan/Documents/test_github/lesson5_ws_updated/install/rmitbot_firmware/share/rmitbot_firmware/hook/ld_library_path_lib.dsv'
[17.437s] INFO:colcon.colcon_core.shell:Creating environment hook '/home/ngan/Documents/test_github/lesson5_ws_updated/install/rmitbot_firmware/share/rmitbot_firmware/hook/ld_library_path_lib.sh'
[17.438s] Level 1:colcon.colcon_core.environment:checking '/home/ngan/Documents/test_github/lesson5_ws_updated/install/rmitbot_firmware/bin'
[17.438s] Level 1:colcon.colcon_core.environment:checking '/home/ngan/Documents/test_github/lesson5_ws_updated/install/rmitbot_firmware/lib/pkgconfig/rmitbot_firmware.pc'
[17.438s] Level 1:colcon.colcon_core.environment:checking '/home/ngan/Documents/test_github/lesson5_ws_updated/install/rmitbot_firmware/lib/python3.12/site-packages'
[17.438s] Level 1:colcon.colcon_core.environment:checking '/home/ngan/Documents/test_github/lesson5_ws_updated/install/rmitbot_firmware/bin'
[17.439s] INFO:colcon.colcon_core.shell:Creating package descriptor '/home/ngan/Documents/test_github/lesson5_ws_updated/install/rmitbot_firmware/share/rmitbot_firmware/package.dsv'
[17.439s] INFO:colcon.colcon_core.shell:Creating package script '/home/ngan/Documents/test_github/lesson5_ws_updated/install/rmitbot_firmware/share/rmitbot_firmware/package.sh'
[17.440s] INFO:colcon.colcon_core.shell:Creating package script '/home/ngan/Documents/test_github/lesson5_ws_updated/install/rmitbot_firmware/share/rmitbot_firmware/package.bash'
[17.443s] INFO:colcon.colcon_core.shell:Creating package script '/home/ngan/Documents/test_github/lesson5_ws_updated/install/rmitbot_firmware/share/rmitbot_firmware/package.zsh'
[17.451s] Level 1:colcon.colcon_core.environment:create_file_with_runtime_dependencies(/home/ngan/Documents/test_github/lesson5_ws_updated/install/rmitbot_firmware/share/colcon-core/packages/rmitbot_firmware)
[17.462s] DEBUG:colcon.colcon_parallel_executor.executor.parallel:closing loop
[17.462s] DEBUG:colcon.colcon_parallel_executor.executor.parallel:loop closed
[17.463s] DEBUG:colcon.colcon_parallel_executor.executor.parallel:run_until_complete finished with '0'
[17.463s] DEBUG:colcon.colcon_core.event_reactor:joining thread
[17.552s] INFO:colcon.colcon_core.plugin_system:Skipping extension 'colcon_notification.desktop_notification.terminal_notifier': Not used on non-Darwin systems
[17.552s] INFO:colcon.colcon_core.plugin_system:Skipping extension 'colcon_notification.desktop_notification.win32': Not used on non-Windows systems
[17.553s] INFO:colcon.colcon_notification.desktop_notification:Sending desktop notification using 'notify2'
[17.937s] DEBUG:colcon.colcon_core.event_reactor:joined thread
[17.939s] INFO:colcon.colcon_core.shell:Creating prefix script '/home/ngan/Documents/test_github/lesson5_ws_updated/install/local_setup.sh'
[17.940s] INFO:colcon.colcon_core.shell:Creating prefix util module '/home/ngan/Documents/test_github/lesson5_ws_updated/install/_local_setup_util_sh.py'
[17.942s] INFO:colcon.colcon_core.shell:Creating prefix chain script '/home/ngan/Documents/test_github/lesson5_ws_updated/install/setup.sh'
[17.943s] INFO:colcon.colcon_core.shell:Creating prefix script '/home/ngan/Documents/test_github/lesson5_ws_updated/install/local_setup.bash'
[17.944s] INFO:colcon.colcon_core.shell:Creating prefix chain script '/home/ngan/Documents/test_github/lesson5_ws_updated/install/setup.bash'
[17.945s] INFO:colcon.colcon_core.shell:Creating prefix script '/home/ngan/Documents/test_github/lesson5_ws_updated/install/local_setup.zsh'
[17.946s] INFO:colcon.colcon_core.shell:Creating prefix chain script '/home/ngan/Documents/test_github/lesson5_ws_updated/install/setup.zsh'
